{"/Volumes/G-DRIVE/Shared/Manual-SbD-ToE/sbd-toe-mcp-poc/scripts/package-release.mjs": {"path":"/Volumes/G-DRIVE/Shared/Manual-SbD-ToE/sbd-toe-mcp-poc/scripts/package-release.mjs","all":true,"statementMap":{"0":{"start":{"line":1,"column":0},"end":{"line":1,"column":19}},"1":{"start":{"line":2,"column":0},"end":{"line":2,"column":0}},"2":{"start":{"line":3,"column":0},"end":{"line":3,"column":41}},"3":{"start":{"line":4,"column":0},"end":{"line":4,"column":46}},"4":{"start":{"line":5,"column":0},"end":{"line":5,"column":8}},"5":{"start":{"line":6,"column":0},"end":{"line":6,"column":5}},"6":{"start":{"line":7,"column":0},"end":{"line":7,"column":10}},"7":{"start":{"line":8,"column":0},"end":{"line":8,"column":8}},"8":{"start":{"line":9,"column":0},"end":{"line":9,"column":11}},"9":{"start":{"line":10,"column":0},"end":{"line":10,"column":5}},"10":{"start":{"line":11,"column":0},"end":{"line":11,"column":7}},"11":{"start":{"line":12,"column":0},"end":{"line":12,"column":11}},"12":{"start":{"line":13,"column":0},"end":{"line":13,"column":26}},"13":{"start":{"line":14,"column":0},"end":{"line":14,"column":25}},"14":{"start":{"line":15,"column":0},"end":{"line":15,"column":29}},"15":{"start":{"line":16,"column":0},"end":{"line":16,"column":38}},"16":{"start":{"line":17,"column":0},"end":{"line":17,"column":0}},"17":{"start":{"line":18,"column":0},"end":{"line":18,"column":42}},"18":{"start":{"line":19,"column":0},"end":{"line":19,"column":0}},"19":{"start":{"line":20,"column":0},"end":{"line":20,"column":39}},"20":{"start":{"line":21,"column":0},"end":{"line":21,"column":0}},"21":{"start":{"line":22,"column":0},"end":{"line":22,"column":26}},"22":{"start":{"line":23,"column":0},"end":{"line":23,"column":45}},"23":{"start":{"line":24,"column":0},"end":{"line":24,"column":61}},"24":{"start":{"line":25,"column":0},"end":{"line":25,"column":3}},"25":{"start":{"line":26,"column":0},"end":{"line":26,"column":17}},"26":{"start":{"line":27,"column":0},"end":{"line":27,"column":42}},"27":{"start":{"line":28,"column":0},"end":{"line":28,"column":42}},"28":{"start":{"line":29,"column":0},"end":{"line":29,"column":4}},"29":{"start":{"line":30,"column":0},"end":{"line":30,"column":51}},"30":{"start":{"line":31,"column":0},"end":{"line":31,"column":53}},"31":{"start":{"line":32,"column":0},"end":{"line":32,"column":45}},"32":{"start":{"line":33,"column":0},"end":{"line":33,"column":70}},"33":{"start":{"line":34,"column":0},"end":{"line":34,"column":62}},"34":{"start":{"line":35,"column":0},"end":{"line":35,"column":56}},"35":{"start":{"line":36,"column":0},"end":{"line":36,"column":68}},"36":{"start":{"line":37,"column":0},"end":{"line":37,"column":74}},"37":{"start":{"line":38,"column":0},"end":{"line":38,"column":60}},"38":{"start":{"line":39,"column":0},"end":{"line":39,"column":58}},"39":{"start":{"line":40,"column":0},"end":{"line":40,"column":52}},"40":{"start":{"line":41,"column":0},"end":{"line":41,"column":62}},"41":{"start":{"line":42,"column":0},"end":{"line":42,"column":67}},"42":{"start":{"line":43,"column":0},"end":{"line":43,"column":2}},"43":{"start":{"line":44,"column":0},"end":{"line":44,"column":0}},"44":{"start":{"line":45,"column":0},"end":{"line":45,"column":31}},"45":{"start":{"line":46,"column":0},"end":{"line":46,"column":16}},"46":{"start":{"line":47,"column":0},"end":{"line":47,"column":25}},"47":{"start":{"line":48,"column":0},"end":{"line":48,"column":22}},"48":{"start":{"line":49,"column":0},"end":{"line":49,"column":4}},"49":{"start":{"line":50,"column":0},"end":{"line":50,"column":0}},"50":{"start":{"line":51,"column":0},"end":{"line":51,"column":56}},"51":{"start":{"line":52,"column":0},"end":{"line":52,"column":30}},"52":{"start":{"line":53,"column":0},"end":{"line":53,"column":35}},"53":{"start":{"line":54,"column":0},"end":{"line":54,"column":39}},"54":{"start":{"line":55,"column":0},"end":{"line":55,"column":17}},"55":{"start":{"line":56,"column":0},"end":{"line":56,"column":15}},"56":{"start":{"line":57,"column":0},"end":{"line":57,"column":5}},"57":{"start":{"line":58,"column":0},"end":{"line":58,"column":32}},"58":{"start":{"line":59,"column":0},"end":{"line":59,"column":37}},"59":{"start":{"line":60,"column":0},"end":{"line":60,"column":17}},"60":{"start":{"line":61,"column":0},"end":{"line":61,"column":15}},"61":{"start":{"line":62,"column":0},"end":{"line":62,"column":5}},"62":{"start":{"line":63,"column":0},"end":{"line":63,"column":57}},"63":{"start":{"line":64,"column":0},"end":{"line":64,"column":3}},"64":{"start":{"line":65,"column":0},"end":{"line":65,"column":0}},"65":{"start":{"line":66,"column":0},"end":{"line":66,"column":14}},"66":{"start":{"line":67,"column":0},"end":{"line":67,"column":1}},"67":{"start":{"line":68,"column":0},"end":{"line":68,"column":0}},"68":{"start":{"line":69,"column":0},"end":{"line":69,"column":45}},"69":{"start":{"line":70,"column":0},"end":{"line":70,"column":62}},"70":{"start":{"line":71,"column":0},"end":{"line":71,"column":65}},"71":{"start":{"line":72,"column":0},"end":{"line":72,"column":49}},"72":{"start":{"line":73,"column":0},"end":{"line":73,"column":0}},"73":{"start":{"line":74,"column":0},"end":{"line":74,"column":84}},"74":{"start":{"line":75,"column":0},"end":{"line":75,"column":86}},"75":{"start":{"line":76,"column":0},"end":{"line":76,"column":3}},"76":{"start":{"line":77,"column":0},"end":{"line":77,"column":0}},"77":{"start":{"line":78,"column":0},"end":{"line":78,"column":44}},"78":{"start":{"line":79,"column":0},"end":{"line":79,"column":25}},"79":{"start":{"line":80,"column":0},"end":{"line":80,"column":32}},"80":{"start":{"line":81,"column":0},"end":{"line":81,"column":1}},"81":{"start":{"line":82,"column":0},"end":{"line":82,"column":0}},"82":{"start":{"line":83,"column":0},"end":{"line":83,"column":45}},"83":{"start":{"line":84,"column":0},"end":{"line":84,"column":52}},"84":{"start":{"line":85,"column":0},"end":{"line":85,"column":18}},"85":{"start":{"line":86,"column":0},"end":{"line":86,"column":0}},"86":{"start":{"line":87,"column":0},"end":{"line":87,"column":7}},"87":{"start":{"line":88,"column":0},"end":{"line":88,"column":41}},"88":{"start":{"line":89,"column":0},"end":{"line":89,"column":11}},"89":{"start":{"line":90,"column":0},"end":{"line":90,"column":79}},"90":{"start":{"line":91,"column":0},"end":{"line":91,"column":3}},"91":{"start":{"line":92,"column":0},"end":{"line":92,"column":0}},"92":{"start":{"line":93,"column":0},"end":{"line":93,"column":59}},"93":{"start":{"line":94,"column":0},"end":{"line":94,"column":62}},"94":{"start":{"line":95,"column":0},"end":{"line":95,"column":3}},"95":{"start":{"line":96,"column":0},"end":{"line":96,"column":0}},"96":{"start":{"line":97,"column":0},"end":{"line":97,"column":55}},"97":{"start":{"line":98,"column":0},"end":{"line":98,"column":61}},"98":{"start":{"line":99,"column":0},"end":{"line":99,"column":3}},"99":{"start":{"line":100,"column":0},"end":{"line":100,"column":1}},"100":{"start":{"line":101,"column":0},"end":{"line":101,"column":0}},"101":{"start":{"line":102,"column":0},"end":{"line":102,"column":55}},"102":{"start":{"line":103,"column":0},"end":{"line":103,"column":52}},"103":{"start":{"line":104,"column":0},"end":{"line":104,"column":60}},"104":{"start":{"line":105,"column":0},"end":{"line":105,"column":0}},"105":{"start":{"line":106,"column":0},"end":{"line":106,"column":66}},"106":{"start":{"line":107,"column":0},"end":{"line":107,"column":77}},"107":{"start":{"line":108,"column":0},"end":{"line":108,"column":1}},"108":{"start":{"line":109,"column":0},"end":{"line":109,"column":0}},"109":{"start":{"line":110,"column":0},"end":{"line":110,"column":65}},"110":{"start":{"line":111,"column":0},"end":{"line":111,"column":80}},"111":{"start":{"line":112,"column":0},"end":{"line":112,"column":1}},"112":{"start":{"line":113,"column":0},"end":{"line":113,"column":0}},"113":{"start":{"line":114,"column":0},"end":{"line":114,"column":68}},"114":{"start":{"line":115,"column":0},"end":{"line":115,"column":7}},"115":{"start":{"line":116,"column":0},"end":{"line":116,"column":65}},"116":{"start":{"line":117,"column":0},"end":{"line":117,"column":20}},"117":{"start":{"line":118,"column":0},"end":{"line":118,"column":7}},"118":{"start":{"line":119,"column":0},"end":{"line":119,"column":16}},"119":{"start":{"line":120,"column":0},"end":{"line":120,"column":19}},"120":{"start":{"line":121,"column":0},"end":{"line":121,"column":8}},"121":{"start":{"line":122,"column":0},"end":{"line":122,"column":34}},"122":{"start":{"line":123,"column":0},"end":{"line":123,"column":23}},"123":{"start":{"line":124,"column":0},"end":{"line":124,"column":24}},"124":{"start":{"line":125,"column":0},"end":{"line":125,"column":29}},"125":{"start":{"line":126,"column":0},"end":{"line":126,"column":7}},"126":{"start":{"line":127,"column":0},"end":{"line":127,"column":27}},"127":{"start":{"line":128,"column":0},"end":{"line":128,"column":76}},"128":{"start":{"line":129,"column":0},"end":{"line":129,"column":8}},"129":{"start":{"line":130,"column":0},"end":{"line":130,"column":19}},"130":{"start":{"line":131,"column":0},"end":{"line":131,"column":5}},"131":{"start":{"line":132,"column":0},"end":{"line":132,"column":0}},"132":{"start":{"line":133,"column":0},"end":{"line":133,"column":16}},"133":{"start":{"line":134,"column":0},"end":{"line":134,"column":3}},"134":{"start":{"line":135,"column":0},"end":{"line":135,"column":1}},"135":{"start":{"line":136,"column":0},"end":{"line":136,"column":0}},"136":{"start":{"line":137,"column":0},"end":{"line":137,"column":40}},"137":{"start":{"line":138,"column":0},"end":{"line":138,"column":48}},"138":{"start":{"line":139,"column":0},"end":{"line":139,"column":65}},"139":{"start":{"line":140,"column":0},"end":{"line":140,"column":1}},"140":{"start":{"line":141,"column":0},"end":{"line":141,"column":0}},"141":{"start":{"line":142,"column":0},"end":{"line":142,"column":76}},"142":{"start":{"line":143,"column":0},"end":{"line":143,"column":19}},"143":{"start":{"line":144,"column":0},"end":{"line":144,"column":0}},"144":{"start":{"line":145,"column":0},"end":{"line":145,"column":43}},"145":{"start":{"line":146,"column":0},"end":{"line":146,"column":50}},"146":{"start":{"line":147,"column":0},"end":{"line":147,"column":57}},"147":{"start":{"line":148,"column":0},"end":{"line":148,"column":3}},"148":{"start":{"line":149,"column":0},"end":{"line":149,"column":0}},"149":{"start":{"line":150,"column":0},"end":{"line":150,"column":73}},"150":{"start":{"line":151,"column":0},"end":{"line":151,"column":65}},"151":{"start":{"line":152,"column":0},"end":{"line":152,"column":22}},"152":{"start":{"line":153,"column":0},"end":{"line":153,"column":1}},"153":{"start":{"line":154,"column":0},"end":{"line":154,"column":0}},"154":{"start":{"line":155,"column":0},"end":{"line":155,"column":23}},"155":{"start":{"line":156,"column":0},"end":{"line":156,"column":33}},"156":{"start":{"line":157,"column":0},"end":{"line":157,"column":53}},"157":{"start":{"line":158,"column":0},"end":{"line":158,"column":71}},"158":{"start":{"line":159,"column":0},"end":{"line":159,"column":59}},"159":{"start":{"line":160,"column":0},"end":{"line":160,"column":53}},"160":{"start":{"line":161,"column":0},"end":{"line":161,"column":62}},"161":{"start":{"line":162,"column":0},"end":{"line":162,"column":76}},"162":{"start":{"line":163,"column":0},"end":{"line":163,"column":55}},"163":{"start":{"line":164,"column":0},"end":{"line":164,"column":0}},"164":{"start":{"line":165,"column":0},"end":{"line":165,"column":7}},"165":{"start":{"line":166,"column":0},"end":{"line":166,"column":43}},"166":{"start":{"line":167,"column":0},"end":{"line":167,"column":41}},"167":{"start":{"line":168,"column":0},"end":{"line":168,"column":5}},"168":{"start":{"line":169,"column":0},"end":{"line":169,"column":0}},"169":{"start":{"line":170,"column":0},"end":{"line":170,"column":49}},"170":{"start":{"line":171,"column":0},"end":{"line":171,"column":48}},"171":{"start":{"line":172,"column":0},"end":{"line":172,"column":0}},"172":{"start":{"line":173,"column":0},"end":{"line":173,"column":43}},"173":{"start":{"line":174,"column":0},"end":{"line":174,"column":51}},"174":{"start":{"line":175,"column":0},"end":{"line":175,"column":5}},"175":{"start":{"line":176,"column":0},"end":{"line":176,"column":0}},"176":{"start":{"line":177,"column":0},"end":{"line":177,"column":70}},"177":{"start":{"line":178,"column":0},"end":{"line":178,"column":67}},"178":{"start":{"line":179,"column":0},"end":{"line":179,"column":75}},"179":{"start":{"line":180,"column":0},"end":{"line":180,"column":0}},"180":{"start":{"line":181,"column":0},"end":{"line":181,"column":39}},"181":{"start":{"line":182,"column":0},"end":{"line":182,"column":39}},"182":{"start":{"line":183,"column":0},"end":{"line":183,"column":44}},"183":{"start":{"line":184,"column":0},"end":{"line":184,"column":0}},"184":{"start":{"line":185,"column":0},"end":{"line":185,"column":57}},"185":{"start":{"line":186,"column":0},"end":{"line":186,"column":0}},"186":{"start":{"line":187,"column":0},"end":{"line":187,"column":35}},"187":{"start":{"line":188,"column":0},"end":{"line":188,"column":79}},"188":{"start":{"line":189,"column":0},"end":{"line":189,"column":21}},"189":{"start":{"line":190,"column":0},"end":{"line":190,"column":33}},"190":{"start":{"line":191,"column":0},"end":{"line":191,"column":5}},"191":{"start":{"line":192,"column":0},"end":{"line":192,"column":0}},"192":{"start":{"line":193,"column":0},"end":{"line":193,"column":58}},"193":{"start":{"line":194,"column":0},"end":{"line":194,"column":16}},"194":{"start":{"line":195,"column":0},"end":{"line":195,"column":19}},"195":{"start":{"line":196,"column":0},"end":{"line":196,"column":21}},"196":{"start":{"line":197,"column":0},"end":{"line":197,"column":6}},"197":{"start":{"line":198,"column":0},"end":{"line":198,"column":0}},"198":{"start":{"line":199,"column":0},"end":{"line":199,"column":25}},"199":{"start":{"line":200,"column":0},"end":{"line":200,"column":7}},"200":{"start":{"line":201,"column":0},"end":{"line":201,"column":43}},"201":{"start":{"line":202,"column":0},"end":{"line":202,"column":69}},"202":{"start":{"line":203,"column":0},"end":{"line":203,"column":43}},"203":{"start":{"line":204,"column":0},"end":{"line":204,"column":25}},"204":{"start":{"line":205,"column":0},"end":{"line":205,"column":6}},"205":{"start":{"line":206,"column":0},"end":{"line":206,"column":13}},"206":{"start":{"line":207,"column":0},"end":{"line":207,"column":56}},"207":{"start":{"line":208,"column":0},"end":{"line":208,"column":3}},"208":{"start":{"line":209,"column":0},"end":{"line":209,"column":1}},"209":{"start":{"line":210,"column":0},"end":{"line":210,"column":0}},"210":{"start":{"line":211,"column":0},"end":{"line":211,"column":25}},"211":{"start":{"line":212,"column":0},"end":{"line":212,"column":88}},"212":{"start":{"line":213,"column":0},"end":{"line":213,"column":39}},"213":{"start":{"line":214,"column":0},"end":{"line":214,"column":18}},"214":{"start":{"line":215,"column":0},"end":{"line":215,"column":3}}},"s":{"0":0,"1":0,"2":0,"3":0,"4":0,"5":0,"6":0,"7":0,"8":0,"9":0,"10":0,"11":0,"12":0,"13":0,"14":0,"15":0,"16":0,"17":0,"18":0,"19":0,"20":0,"21":0,"22":0,"23":0,"24":0,"25":0,"26":0,"27":0,"28":0,"29":0,"30":0,"31":0,"32":0,"33":0,"34":0,"35":0,"36":0,"37":0,"38":0,"39":0,"40":0,"41":0,"42":0,"43":0,"44":0,"45":0,"46":0,"47":0,"48":0,"49":0,"50":0,"51":0,"52":0,"53":0,"54":0,"55":0,"56":0,"57":0,"58":0,"59":0,"60":0,"61":0,"62":0,"63":0,"64":0,"65":0,"66":0,"67":0,"68":0,"69":0,"70":0,"71":0,"72":0,"73":0,"74":0,"75":0,"76":0,"77":0,"78":0,"79":0,"80":0,"81":0,"82":0,"83":0,"84":0,"85":0,"86":0,"87":0,"88":0,"89":0,"90":0,"91":0,"92":0,"93":0,"94":0,"95":0,"96":0,"97":0,"98":0,"99":0,"100":0,"101":0,"102":0,"103":0,"104":0,"105":0,"106":0,"107":0,"108":0,"109":0,"110":0,"111":0,"112":0,"113":0,"114":0,"115":0,"116":0,"117":0,"118":0,"119":0,"120":0,"121":0,"122":0,"123":0,"124":0,"125":0,"126":0,"127":0,"128":0,"129":0,"130":0,"131":0,"132":0,"133":0,"134":0,"135":0,"136":0,"137":0,"138":0,"139":0,"140":0,"141":0,"142":0,"143":0,"144":0,"145":0,"146":0,"147":0,"148":0,"149":0,"150":0,"151":0,"152":0,"153":0,"154":0,"155":0,"156":0,"157":0,"158":0,"159":0,"160":0,"161":0,"162":0,"163":0,"164":0,"165":0,"166":0,"167":0,"168":0,"169":0,"170":0,"171":0,"172":0,"173":0,"174":0,"175":0,"176":0,"177":0,"178":0,"179":0,"180":0,"181":0,"182":0,"183":0,"184":0,"185":0,"186":0,"187":0,"188":0,"189":0,"190":0,"191":0,"192":0,"193":0,"194":0,"195":0,"196":0,"197":0,"198":0,"199":0,"200":0,"201":0,"202":0,"203":0,"204":0,"205":0,"206":0,"207":0,"208":0,"209":0,"210":0,"211":0,"212":0,"213":0,"214":0},"branchMap":{"0":{"type":"branch","line":1,"loc":{"start":{"line":1,"column":0},"end":{"line":215,"column":-1010}},"locations":[{"start":{"line":1,"column":0},"end":{"line":215,"column":-1010}}]}},"b":{"0":[0]},"fnMap":{"0":{"name":"(empty-report)","decl":{"start":{"line":1,"column":0},"end":{"line":215,"column":-1010}},"loc":{"start":{"line":1,"column":0},"end":{"line":215,"column":-1010}},"line":1}},"f":{"0":0}}
,"/Volumes/G-DRIVE/Shared/Manual-SbD-ToE/sbd-toe-mcp-poc/src/config.ts": {"path":"/Volumes/G-DRIVE/Shared/Manual-SbD-ToE/sbd-toe-mcp-poc/src/config.ts","all":false,"statementMap":{"0":{"start":{"line":1,"column":0},"end":{"line":1,"column":44}},"1":{"start":{"line":2,"column":0},"end":{"line":2,"column":0}},"2":{"start":{"line":3,"column":0},"end":{"line":3,"column":40}},"3":{"start":{"line":4,"column":0},"end":{"line":4,"column":0}},"4":{"start":{"line":5,"column":0},"end":{"line":5,"column":58}},"5":{"start":{"line":6,"column":0},"end":{"line":6,"column":34}},"6":{"start":{"line":7,"column":0},"end":{"line":7,"column":55}},"7":{"start":{"line":8,"column":0},"end":{"line":8,"column":24}},"8":{"start":{"line":9,"column":0},"end":{"line":9,"column":3}},"9":{"start":{"line":10,"column":0},"end":{"line":10,"column":31}},"10":{"start":{"line":11,"column":0},"end":{"line":11,"column":20}},"11":{"start":{"line":12,"column":0},"end":{"line":12,"column":3}},"12":{"start":{"line":13,"column":0},"end":{"line":13,"column":67}},"13":{"start":{"line":14,"column":0},"end":{"line":14,"column":1}},"14":{"start":{"line":15,"column":0},"end":{"line":15,"column":0}},"15":{"start":{"line":16,"column":0},"end":{"line":16,"column":47}},"16":{"start":{"line":17,"column":0},"end":{"line":17,"column":73}},"17":{"start":{"line":18,"column":0},"end":{"line":18,"column":1}},"18":{"start":{"line":19,"column":0},"end":{"line":19,"column":0}},"19":{"start":{"line":20,"column":0},"end":{"line":20,"column":78}},"20":{"start":{"line":21,"column":0},"end":{"line":21,"column":44}},"21":{"start":{"line":22,"column":0},"end":{"line":22,"column":44}},"22":{"start":{"line":23,"column":0},"end":{"line":23,"column":71}},"23":{"start":{"line":24,"column":0},"end":{"line":24,"column":3}},"24":{"start":{"line":25,"column":0},"end":{"line":25,"column":28}},"25":{"start":{"line":26,"column":0},"end":{"line":26,"column":1}},"26":{"start":{"line":27,"column":0},"end":{"line":27,"column":0}},"27":{"start":{"line":28,"column":0},"end":{"line":28,"column":48}},"28":{"start":{"line":29,"column":0},"end":{"line":29,"column":45}},"29":{"start":{"line":30,"column":0},"end":{"line":30,"column":1}},"30":{"start":{"line":31,"column":0},"end":{"line":31,"column":0}},"31":{"start":{"line":32,"column":0},"end":{"line":32,"column":40}},"32":{"start":{"line":33,"column":0},"end":{"line":33,"column":21}},"33":{"start":{"line":34,"column":0},"end":{"line":34,"column":24}},"34":{"start":{"line":35,"column":0},"end":{"line":35,"column":3}},"35":{"start":{"line":36,"column":0},"end":{"line":36,"column":0}},"36":{"start":{"line":37,"column":0},"end":{"line":37,"column":18}},"37":{"start":{"line":38,"column":0},"end":{"line":38,"column":14}},"38":{"start":{"line":39,"column":0},"end":{"line":39,"column":77}},"39":{"start":{"line":40,"column":0},"end":{"line":40,"column":28}},"40":{"start":{"line":41,"column":0},"end":{"line":41,"column":42}},"41":{"start":{"line":42,"column":0},"end":{"line":42,"column":32}},"42":{"start":{"line":43,"column":0},"end":{"line":43,"column":8}},"43":{"start":{"line":44,"column":0},"end":{"line":44,"column":71}},"44":{"start":{"line":45,"column":0},"end":{"line":45,"column":83}},"45":{"start":{"line":46,"column":0},"end":{"line":46,"column":38}},"46":{"start":{"line":47,"column":0},"end":{"line":47,"column":30}},"47":{"start":{"line":48,"column":0},"end":{"line":48,"column":43}},"48":{"start":{"line":49,"column":0},"end":{"line":49,"column":9}},"49":{"start":{"line":50,"column":0},"end":{"line":50,"column":8}},"50":{"start":{"line":51,"column":0},"end":{"line":51,"column":30}},"51":{"start":{"line":52,"column":0},"end":{"line":52,"column":39}},"52":{"start":{"line":53,"column":0},"end":{"line":53,"column":36}},"53":{"start":{"line":54,"column":0},"end":{"line":54,"column":8}},"54":{"start":{"line":55,"column":0},"end":{"line":55,"column":27}},"55":{"start":{"line":56,"column":0},"end":{"line":56,"column":32}},"56":{"start":{"line":57,"column":0},"end":{"line":57,"column":47}},"57":{"start":{"line":58,"column":0},"end":{"line":58,"column":8}},"58":{"start":{"line":59,"column":0},"end":{"line":59,"column":31}},"59":{"start":{"line":60,"column":0},"end":{"line":60,"column":29}},"60":{"start":{"line":61,"column":0},"end":{"line":61,"column":50}},"61":{"start":{"line":62,"column":0},"end":{"line":62,"column":8}},"62":{"start":{"line":63,"column":0},"end":{"line":63,"column":35}},"63":{"start":{"line":64,"column":0},"end":{"line":64,"column":33}},"64":{"start":{"line":65,"column":0},"end":{"line":65,"column":54}},"65":{"start":{"line":66,"column":0},"end":{"line":66,"column":8}},"66":{"start":{"line":67,"column":0},"end":{"line":67,"column":39}},"67":{"start":{"line":68,"column":0},"end":{"line":68,"column":38}},"68":{"start":{"line":69,"column":0},"end":{"line":69,"column":59}},"69":{"start":{"line":70,"column":0},"end":{"line":70,"column":8}},"70":{"start":{"line":71,"column":0},"end":{"line":71,"column":43}},"71":{"start":{"line":72,"column":0},"end":{"line":72,"column":42}},"72":{"start":{"line":73,"column":0},"end":{"line":73,"column":63}},"73":{"start":{"line":74,"column":0},"end":{"line":74,"column":8}},"74":{"start":{"line":75,"column":0},"end":{"line":75,"column":32}},"75":{"start":{"line":76,"column":0},"end":{"line":76,"column":30}},"76":{"start":{"line":77,"column":0},"end":{"line":77,"column":52}},"77":{"start":{"line":78,"column":0},"end":{"line":78,"column":8}},"78":{"start":{"line":79,"column":0},"end":{"line":79,"column":30}},"79":{"start":{"line":80,"column":0},"end":{"line":80,"column":28}},"80":{"start":{"line":81,"column":0},"end":{"line":81,"column":42}},"81":{"start":{"line":82,"column":0},"end":{"line":82,"column":7}},"82":{"start":{"line":83,"column":0},"end":{"line":83,"column":6}},"83":{"start":{"line":84,"column":0},"end":{"line":84,"column":13}},"84":{"start":{"line":85,"column":0},"end":{"line":85,"column":31}},"85":{"start":{"line":86,"column":0},"end":{"line":86,"column":29}},"86":{"start":{"line":87,"column":0},"end":{"line":87,"column":42}},"87":{"start":{"line":88,"column":0},"end":{"line":88,"column":8}},"88":{"start":{"line":89,"column":0},"end":{"line":89,"column":59}},"89":{"start":{"line":90,"column":0},"end":{"line":90,"column":36}},"90":{"start":{"line":91,"column":0},"end":{"line":91,"column":68}},"91":{"start":{"line":92,"column":0},"end":{"line":92,"column":8}},"92":{"start":{"line":93,"column":0},"end":{"line":93,"column":38}},"93":{"start":{"line":94,"column":0},"end":{"line":94,"column":15}},"94":{"start":{"line":95,"column":0},"end":{"line":95,"column":28}},"95":{"start":{"line":96,"column":0},"end":{"line":96,"column":64}},"96":{"start":{"line":97,"column":0},"end":{"line":97,"column":9}},"97":{"start":{"line":98,"column":0},"end":{"line":98,"column":8}},"98":{"start":{"line":99,"column":0},"end":{"line":99,"column":42}},"99":{"start":{"line":100,"column":0},"end":{"line":100,"column":15}},"100":{"start":{"line":101,"column":0},"end":{"line":101,"column":33}},"101":{"start":{"line":102,"column":0},"end":{"line":102,"column":75}},"102":{"start":{"line":103,"column":0},"end":{"line":103,"column":9}},"103":{"start":{"line":104,"column":0},"end":{"line":104,"column":8}},"104":{"start":{"line":105,"column":0},"end":{"line":105,"column":38}},"105":{"start":{"line":106,"column":0},"end":{"line":106,"column":30}},"106":{"start":{"line":107,"column":0},"end":{"line":107,"column":46}},"107":{"start":{"line":108,"column":0},"end":{"line":108,"column":12}},"108":{"start":{"line":109,"column":0},"end":{"line":109,"column":7}},"109":{"start":{"line":110,"column":0},"end":{"line":110,"column":6}},"110":{"start":{"line":111,"column":0},"end":{"line":111,"column":58}},"111":{"start":{"line":112,"column":0},"end":{"line":112,"column":4}},"112":{"start":{"line":113,"column":0},"end":{"line":113,"column":0}},"113":{"start":{"line":114,"column":0},"end":{"line":114,"column":22}},"114":{"start":{"line":115,"column":0},"end":{"line":115,"column":1}}},"s":{"0":1,"1":1,"2":1,"3":1,"4":40,"5":40,"6":40,"7":0,"8":0,"9":40,"10":40,"11":40,"12":0,"13":0,"14":1,"15":2,"16":2,"17":2,"18":1,"19":8,"20":8,"21":8,"22":0,"23":0,"24":8,"25":8,"26":1,"27":6,"28":6,"29":6,"30":1,"31":1,"32":15,"33":13,"34":13,"35":2,"36":2,"37":2,"38":2,"39":2,"40":2,"41":2,"42":2,"43":2,"44":2,"45":2,"46":2,"47":2,"48":2,"49":2,"50":2,"51":2,"52":2,"53":2,"54":2,"55":2,"56":2,"57":2,"58":2,"59":2,"60":2,"61":2,"62":2,"63":2,"64":2,"65":2,"66":2,"67":2,"68":2,"69":2,"70":2,"71":2,"72":2,"73":2,"74":2,"75":2,"76":2,"77":2,"78":2,"79":2,"80":2,"81":2,"82":2,"83":2,"84":2,"85":2,"86":2,"87":2,"88":2,"89":2,"90":2,"91":2,"92":2,"93":2,"94":2,"95":2,"96":2,"97":2,"98":2,"99":2,"100":2,"101":2,"102":2,"103":2,"104":2,"105":2,"106":2,"107":2,"108":2,"109":2,"110":2,"111":2,"112":2,"113":2,"114":2},"branchMap":{"0":{"type":"branch","line":5,"loc":{"start":{"line":5,"column":0},"end":{"line":14,"column":1}},"locations":[{"start":{"line":5,"column":0},"end":{"line":14,"column":1}}]},"1":{"type":"branch","line":7,"loc":{"start":{"line":7,"column":16},"end":{"line":7,"column":54}},"locations":[{"start":{"line":7,"column":16},"end":{"line":7,"column":54}}]},"2":{"type":"branch","line":7,"loc":{"start":{"line":7,"column":54},"end":{"line":9,"column":3}},"locations":[{"start":{"line":7,"column":54},"end":{"line":9,"column":3}}]},"3":{"type":"branch","line":12,"loc":{"start":{"line":12,"column":2},"end":{"line":14,"column":1}},"locations":[{"start":{"line":12,"column":2},"end":{"line":14,"column":1}}]},"4":{"type":"branch","line":16,"loc":{"start":{"line":16,"column":0},"end":{"line":18,"column":1}},"locations":[{"start":{"line":16,"column":0},"end":{"line":18,"column":1}}]},"5":{"type":"branch","line":20,"loc":{"start":{"line":20,"column":0},"end":{"line":26,"column":1}},"locations":[{"start":{"line":20,"column":0},"end":{"line":26,"column":1}}]},"6":{"type":"branch","line":22,"loc":{"start":{"line":22,"column":43},"end":{"line":24,"column":3}},"locations":[{"start":{"line":22,"column":43},"end":{"line":24,"column":3}}]},"7":{"type":"branch","line":25,"loc":{"start":{"line":25,"column":9},"end":{"line":25,"column":28}},"locations":[{"start":{"line":25,"column":9},"end":{"line":25,"column":28}}]},"8":{"type":"branch","line":28,"loc":{"start":{"line":28,"column":0},"end":{"line":30,"column":1}},"locations":[{"start":{"line":28,"column":0},"end":{"line":30,"column":1}}]},"9":{"type":"branch","line":29,"loc":{"start":{"line":29,"column":29},"end":{"line":29,"column":45}},"locations":[{"start":{"line":29,"column":29},"end":{"line":29,"column":45}}]},"10":{"type":"branch","line":32,"loc":{"start":{"line":32,"column":7},"end":{"line":115,"column":1}},"locations":[{"start":{"line":32,"column":7},"end":{"line":115,"column":1}}]},"11":{"type":"branch","line":33,"loc":{"start":{"line":33,"column":20},"end":{"line":35,"column":3}},"locations":[{"start":{"line":33,"column":20},"end":{"line":35,"column":3}}]},"12":{"type":"branch","line":35,"loc":{"start":{"line":35,"column":2},"end":{"line":115,"column":1}},"locations":[{"start":{"line":35,"column":2},"end":{"line":115,"column":1}}]}},"b":{"0":[40],"1":[0],"2":[0],"3":[0],"4":[2],"5":[8],"6":[0],"7":[0],"8":[6],"9":[0],"10":[15],"11":[13],"12":[2]},"fnMap":{"0":{"name":"getEnv","decl":{"start":{"line":5,"column":0},"end":{"line":14,"column":1}},"loc":{"start":{"line":5,"column":0},"end":{"line":14,"column":1}},"line":5},"1":{"name":"parseBoolean","decl":{"start":{"line":16,"column":0},"end":{"line":18,"column":1}},"loc":{"start":{"line":16,"column":0},"end":{"line":18,"column":1}},"line":16},"2":{"name":"parseInteger","decl":{"start":{"line":20,"column":0},"end":{"line":26,"column":1}},"loc":{"start":{"line":20,"column":0},"end":{"line":26,"column":1}},"line":20},"3":{"name":"normalizeBaseUrl","decl":{"start":{"line":28,"column":0},"end":{"line":30,"column":1}},"loc":{"start":{"line":28,"column":0},"end":{"line":30,"column":1}},"line":28},"4":{"name":"getConfig","decl":{"start":{"line":32,"column":7},"end":{"line":115,"column":1}},"loc":{"start":{"line":32,"column":7},"end":{"line":115,"column":1}},"line":32}},"f":{"0":40,"1":2,"2":8,"3":6,"4":15}}
,"/Volumes/G-DRIVE/Shared/Manual-SbD-ToE/sbd-toe-mcp-poc/src/index.ts": {"path":"/Volumes/G-DRIVE/Shared/Manual-SbD-ToE/sbd-toe-mcp-poc/src/index.ts","all":true,"statementMap":{"0":{"start":{"line":1,"column":0},"end":{"line":1,"column":19}},"1":{"start":{"line":2,"column":0},"end":{"line":2,"column":0}},"2":{"start":{"line":3,"column":0},"end":{"line":3,"column":41}},"3":{"start":{"line":4,"column":0},"end":{"line":4,"column":37}},"4":{"start":{"line":5,"column":0},"end":{"line":5,"column":0}},"5":{"start":{"line":6,"column":0},"end":{"line":6,"column":40}},"6":{"start":{"line":7,"column":0},"end":{"line":7,"column":8}},"7":{"start":{"line":8,"column":0},"end":{"line":8,"column":28}},"8":{"start":{"line":9,"column":0},"end":{"line":9,"column":25}},"9":{"start":{"line":10,"column":0},"end":{"line":10,"column":32}},"10":{"start":{"line":11,"column":0},"end":{"line":11,"column":22}},"11":{"start":{"line":12,"column":0},"end":{"line":12,"column":38}},"12":{"start":{"line":13,"column":0},"end":{"line":13,"column":69}},"13":{"start":{"line":14,"column":0},"end":{"line":14,"column":0}},"14":{"start":{"line":15,"column":0},"end":{"line":15,"column":33}},"15":{"start":{"line":16,"column":0},"end":{"line":16,"column":0}},"16":{"start":{"line":17,"column":0},"end":{"line":17,"column":26}},"17":{"start":{"line":18,"column":0},"end":{"line":18,"column":17}},"18":{"start":{"line":19,"column":0},"end":{"line":19,"column":16}},"19":{"start":{"line":20,"column":0},"end":{"line":20,"column":17}},"20":{"start":{"line":21,"column":0},"end":{"line":21,"column":35}},"21":{"start":{"line":22,"column":0},"end":{"line":22,"column":1}},"22":{"start":{"line":23,"column":0},"end":{"line":23,"column":0}},"23":{"start":{"line":24,"column":0},"end":{"line":24,"column":31}},"24":{"start":{"line":25,"column":0},"end":{"line":25,"column":17}},"25":{"start":{"line":26,"column":0},"end":{"line":26,"column":17}},"26":{"start":{"line":27,"column":0},"end":{"line":27,"column":35}},"27":{"start":{"line":28,"column":0},"end":{"line":28,"column":1}},"28":{"start":{"line":29,"column":0},"end":{"line":29,"column":0}},"29":{"start":{"line":30,"column":0},"end":{"line":30,"column":26}},"30":{"start":{"line":31,"column":0},"end":{"line":31,"column":17}},"31":{"start":{"line":32,"column":0},"end":{"line":32,"column":16}},"32":{"start":{"line":33,"column":0},"end":{"line":33,"column":18}},"33":{"start":{"line":34,"column":0},"end":{"line":34,"column":1}},"34":{"start":{"line":35,"column":0},"end":{"line":35,"column":0}},"35":{"start":{"line":36,"column":0},"end":{"line":36,"column":24}},"36":{"start":{"line":37,"column":0},"end":{"line":37,"column":17}},"37":{"start":{"line":38,"column":0},"end":{"line":38,"column":23}},"38":{"start":{"line":39,"column":0},"end":{"line":39,"column":10}},"39":{"start":{"line":40,"column":0},"end":{"line":40,"column":17}},"40":{"start":{"line":41,"column":0},"end":{"line":41,"column":20}},"41":{"start":{"line":42,"column":0},"end":{"line":42,"column":19}},"42":{"start":{"line":43,"column":0},"end":{"line":43,"column":4}},"43":{"start":{"line":44,"column":0},"end":{"line":44,"column":1}},"44":{"start":{"line":45,"column":0},"end":{"line":45,"column":0}},"45":{"start":{"line":46,"column":0},"end":{"line":46,"column":26}},"46":{"start":{"line":47,"column":0},"end":{"line":47,"column":36}},"47":{"start":{"line":48,"column":0},"end":{"line":48,"column":37}},"48":{"start":{"line":49,"column":0},"end":{"line":49,"column":1}},"49":{"start":{"line":50,"column":0},"end":{"line":50,"column":0}},"50":{"start":{"line":51,"column":0},"end":{"line":51,"column":21}},"51":{"start":{"line":52,"column":0},"end":{"line":52,"column":18}},"52":{"start":{"line":53,"column":0},"end":{"line":53,"column":23}},"53":{"start":{"line":54,"column":0},"end":{"line":54,"column":18}},"54":{"start":{"line":55,"column":0},"end":{"line":55,"column":17}},"55":{"start":{"line":56,"column":0},"end":{"line":56,"column":0}},"56":{"start":{"line":57,"column":0},"end":{"line":57,"column":38}},"57":{"start":{"line":58,"column":0},"end":{"line":58,"column":20}},"58":{"start":{"line":59,"column":0},"end":{"line":59,"column":10}},"59":{"start":{"line":60,"column":0},"end":{"line":60,"column":9}},"60":{"start":{"line":61,"column":0},"end":{"line":61,"column":11}},"61":{"start":{"line":62,"column":0},"end":{"line":62,"column":12}},"62":{"start":{"line":63,"column":0},"end":{"line":63,"column":10}},"63":{"start":{"line":64,"column":0},"end":{"line":64,"column":13}},"64":{"start":{"line":65,"column":0},"end":{"line":65,"column":10}},"65":{"start":{"line":66,"column":0},"end":{"line":66,"column":13}},"66":{"start":{"line":67,"column":0},"end":{"line":67,"column":11}},"67":{"start":{"line":68,"column":0},"end":{"line":68,"column":0}},"68":{"start":{"line":69,"column":0},"end":{"line":69,"column":44}},"69":{"start":{"line":70,"column":0},"end":{"line":70,"column":0}},"70":{"start":{"line":71,"column":0},"end":{"line":71,"column":20}},"71":{"start":{"line":72,"column":0},"end":{"line":72,"column":21}},"72":{"start":{"line":73,"column":0},"end":{"line":73,"column":59}},"73":{"start":{"line":74,"column":0},"end":{"line":74,"column":34}},"74":{"start":{"line":75,"column":0},"end":{"line":75,"column":34}},"75":{"start":{"line":76,"column":0},"end":{"line":76,"column":33}},"76":{"start":{"line":77,"column":0},"end":{"line":77,"column":35}},"77":{"start":{"line":78,"column":0},"end":{"line":78,"column":39}},"78":{"start":{"line":79,"column":0},"end":{"line":79,"column":44}},"79":{"start":{"line":80,"column":0},"end":{"line":80,"column":38}},"80":{"start":{"line":81,"column":0},"end":{"line":81,"column":29}},"81":{"start":{"line":82,"column":0},"end":{"line":82,"column":43}},"82":{"start":{"line":83,"column":0},"end":{"line":83,"column":40}},"83":{"start":{"line":84,"column":0},"end":{"line":84,"column":35}},"84":{"start":{"line":85,"column":0},"end":{"line":85,"column":43}},"85":{"start":{"line":86,"column":0},"end":{"line":86,"column":34}},"86":{"start":{"line":87,"column":0},"end":{"line":87,"column":18}},"87":{"start":{"line":88,"column":0},"end":{"line":88,"column":1}},"88":{"start":{"line":89,"column":0},"end":{"line":89,"column":0}},"89":{"start":{"line":90,"column":0},"end":{"line":90,"column":18}},"90":{"start":{"line":91,"column":0},"end":{"line":91,"column":33}},"91":{"start":{"line":92,"column":0},"end":{"line":92,"column":57}},"92":{"start":{"line":93,"column":0},"end":{"line":93,"column":59}},"93":{"start":{"line":94,"column":0},"end":{"line":94,"column":30}},"94":{"start":{"line":95,"column":0},"end":{"line":95,"column":38}},"95":{"start":{"line":96,"column":0},"end":{"line":96,"column":0}},"96":{"start":{"line":97,"column":0},"end":{"line":97,"column":17}},"97":{"start":{"line":98,"column":0},"end":{"line":98,"column":41}},"98":{"start":{"line":99,"column":0},"end":{"line":99,"column":27}},"99":{"start":{"line":100,"column":0},"end":{"line":100,"column":25}},"100":{"start":{"line":101,"column":0},"end":{"line":101,"column":7}},"101":{"start":{"line":102,"column":0},"end":{"line":102,"column":0}},"102":{"start":{"line":103,"column":0},"end":{"line":103,"column":37}},"103":{"start":{"line":104,"column":0},"end":{"line":104,"column":41}},"104":{"start":{"line":105,"column":0},"end":{"line":105,"column":7}},"105":{"start":{"line":106,"column":0},"end":{"line":106,"column":3}},"106":{"start":{"line":107,"column":0},"end":{"line":107,"column":0}},"107":{"start":{"line":108,"column":0},"end":{"line":108,"column":48}},"108":{"start":{"line":109,"column":0},"end":{"line":109,"column":57}},"109":{"start":{"line":110,"column":0},"end":{"line":110,"column":3}},"110":{"start":{"line":111,"column":0},"end":{"line":111,"column":0}},"111":{"start":{"line":112,"column":0},"end":{"line":112,"column":55}},"112":{"start":{"line":113,"column":0},"end":{"line":113,"column":36}},"113":{"start":{"line":114,"column":0},"end":{"line":114,"column":77}},"114":{"start":{"line":115,"column":0},"end":{"line":115,"column":23}},"115":{"start":{"line":116,"column":0},"end":{"line":116,"column":26}},"116":{"start":{"line":117,"column":0},"end":{"line":117,"column":7}},"117":{"start":{"line":118,"column":0},"end":{"line":118,"column":5}},"118":{"start":{"line":119,"column":0},"end":{"line":119,"column":0}},"119":{"start":{"line":120,"column":0},"end":{"line":120,"column":18}},"120":{"start":{"line":121,"column":0},"end":{"line":121,"column":3}},"121":{"start":{"line":122,"column":0},"end":{"line":122,"column":0}},"122":{"start":{"line":123,"column":0},"end":{"line":123,"column":47}},"123":{"start":{"line":124,"column":0},"end":{"line":124,"column":74}},"124":{"start":{"line":125,"column":0},"end":{"line":125,"column":3}},"125":{"start":{"line":126,"column":0},"end":{"line":126,"column":0}},"126":{"start":{"line":127,"column":0},"end":{"line":127,"column":78}},"127":{"start":{"line":128,"column":0},"end":{"line":128,"column":68}},"128":{"start":{"line":129,"column":0},"end":{"line":129,"column":3}},"129":{"start":{"line":130,"column":0},"end":{"line":130,"column":0}},"130":{"start":{"line":131,"column":0},"end":{"line":131,"column":57}},"131":{"start":{"line":132,"column":0},"end":{"line":132,"column":84}},"132":{"start":{"line":133,"column":0},"end":{"line":133,"column":3}},"133":{"start":{"line":134,"column":0},"end":{"line":134,"column":0}},"134":{"start":{"line":135,"column":0},"end":{"line":135,"column":63}},"135":{"start":{"line":136,"column":0},"end":{"line":136,"column":29}},"136":{"start":{"line":137,"column":0},"end":{"line":137,"column":34}},"137":{"start":{"line":138,"column":0},"end":{"line":138,"column":5}},"138":{"start":{"line":139,"column":0},"end":{"line":139,"column":35}},"139":{"start":{"line":140,"column":0},"end":{"line":140,"column":39}},"140":{"start":{"line":141,"column":0},"end":{"line":141,"column":16}},"141":{"start":{"line":142,"column":0},"end":{"line":142,"column":5}},"142":{"start":{"line":143,"column":0},"end":{"line":143,"column":0}},"143":{"start":{"line":144,"column":0},"end":{"line":144,"column":12}},"144":{"start":{"line":145,"column":0},"end":{"line":145,"column":39}},"145":{"start":{"line":146,"column":0},"end":{"line":146,"column":62}},"146":{"start":{"line":147,"column":0},"end":{"line":147,"column":6}},"147":{"start":{"line":148,"column":0},"end":{"line":148,"column":3}},"148":{"start":{"line":149,"column":0},"end":{"line":149,"column":0}},"149":{"start":{"line":150,"column":0},"end":{"line":150,"column":84}},"150":{"start":{"line":151,"column":0},"end":{"line":151,"column":33}},"151":{"start":{"line":152,"column":0},"end":{"line":152,"column":14}},"152":{"start":{"line":153,"column":0},"end":{"line":153,"column":31}},"153":{"start":{"line":154,"column":0},"end":{"line":154,"column":70}},"154":{"start":{"line":155,"column":0},"end":{"line":155,"column":8}},"155":{"start":{"line":156,"column":0},"end":{"line":156,"column":5}},"156":{"start":{"line":157,"column":0},"end":{"line":157,"column":0}},"157":{"start":{"line":158,"column":0},"end":{"line":158,"column":12}},"158":{"start":{"line":159,"column":0},"end":{"line":159,"column":28}},"159":{"start":{"line":160,"column":0},"end":{"line":160,"column":6}},"160":{"start":{"line":161,"column":0},"end":{"line":161,"column":3}},"161":{"start":{"line":162,"column":0},"end":{"line":162,"column":0}},"162":{"start":{"line":163,"column":0},"end":{"line":163,"column":62}},"163":{"start":{"line":164,"column":0},"end":{"line":164,"column":23}},"164":{"start":{"line":165,"column":0},"end":{"line":165,"column":21}},"165":{"start":{"line":166,"column":0},"end":{"line":166,"column":9}},"166":{"start":{"line":167,"column":0},"end":{"line":167,"column":12}},"167":{"start":{"line":168,"column":0},"end":{"line":168,"column":7}},"168":{"start":{"line":169,"column":0},"end":{"line":169,"column":3}},"169":{"start":{"line":170,"column":0},"end":{"line":170,"column":0}},"170":{"start":{"line":171,"column":0},"end":{"line":171,"column":96}},"171":{"start":{"line":172,"column":0},"end":{"line":172,"column":23}},"172":{"start":{"line":173,"column":0},"end":{"line":173,"column":21}},"173":{"start":{"line":174,"column":0},"end":{"line":174,"column":9}},"174":{"start":{"line":175,"column":0},"end":{"line":175,"column":14}},"175":{"start":{"line":176,"column":0},"end":{"line":176,"column":13}},"176":{"start":{"line":177,"column":0},"end":{"line":177,"column":16}},"177":{"start":{"line":178,"column":0},"end":{"line":178,"column":47}},"178":{"start":{"line":179,"column":0},"end":{"line":179,"column":7}},"179":{"start":{"line":180,"column":0},"end":{"line":180,"column":7}},"180":{"start":{"line":181,"column":0},"end":{"line":181,"column":3}},"181":{"start":{"line":182,"column":0},"end":{"line":182,"column":0}},"182":{"start":{"line":183,"column":0},"end":{"line":183,"column":84}},"183":{"start":{"line":184,"column":0},"end":{"line":184,"column":23}},"184":{"start":{"line":185,"column":0},"end":{"line":185,"column":21}},"185":{"start":{"line":186,"column":0},"end":{"line":186,"column":13}},"186":{"start":{"line":187,"column":0},"end":{"line":187,"column":49}},"187":{"start":{"line":188,"column":0},"end":{"line":188,"column":7}},"188":{"start":{"line":189,"column":0},"end":{"line":189,"column":3}},"189":{"start":{"line":190,"column":0},"end":{"line":190,"column":0}},"190":{"start":{"line":191,"column":0},"end":{"line":191,"column":65}},"191":{"start":{"line":192,"column":0},"end":{"line":192,"column":32}},"192":{"start":{"line":193,"column":0},"end":{"line":193,"column":31}},"193":{"start":{"line":194,"column":0},"end":{"line":194,"column":13}},"194":{"start":{"line":195,"column":0},"end":{"line":195,"column":5}},"195":{"start":{"line":196,"column":0},"end":{"line":196,"column":0}},"196":{"start":{"line":197,"column":0},"end":{"line":197,"column":24}},"197":{"start":{"line":198,"column":0},"end":{"line":198,"column":9}},"198":{"start":{"line":199,"column":0},"end":{"line":199,"column":46}},"199":{"start":{"line":200,"column":0},"end":{"line":200,"column":21}},"200":{"start":{"line":201,"column":0},"end":{"line":201,"column":33}},"201":{"start":{"line":202,"column":0},"end":{"line":202,"column":38}},"202":{"start":{"line":203,"column":0},"end":{"line":203,"column":26}},"203":{"start":{"line":204,"column":0},"end":{"line":204,"column":37}},"204":{"start":{"line":205,"column":0},"end":{"line":205,"column":9}},"205":{"start":{"line":206,"column":0},"end":{"line":206,"column":51}},"206":{"start":{"line":207,"column":0},"end":{"line":207,"column":70}},"207":{"start":{"line":208,"column":0},"end":{"line":208,"column":9}},"208":{"start":{"line":209,"column":0},"end":{"line":209,"column":13}},"209":{"start":{"line":210,"column":0},"end":{"line":210,"column":5}},"210":{"start":{"line":211,"column":0},"end":{"line":211,"column":0}},"211":{"start":{"line":212,"column":0},"end":{"line":212,"column":32}},"212":{"start":{"line":213,"column":0},"end":{"line":213,"column":34}},"213":{"start":{"line":214,"column":0},"end":{"line":214,"column":57}},"214":{"start":{"line":215,"column":0},"end":{"line":215,"column":7}},"215":{"start":{"line":216,"column":0},"end":{"line":216,"column":13}},"216":{"start":{"line":217,"column":0},"end":{"line":217,"column":5}},"217":{"start":{"line":218,"column":0},"end":{"line":218,"column":0}},"218":{"start":{"line":219,"column":0},"end":{"line":219,"column":55}},"219":{"start":{"line":220,"column":0},"end":{"line":220,"column":3}},"220":{"start":{"line":221,"column":0},"end":{"line":221,"column":0}},"221":{"start":{"line":222,"column":0},"end":{"line":222,"column":75}},"222":{"start":{"line":223,"column":0},"end":{"line":223,"column":30}},"223":{"start":{"line":224,"column":0},"end":{"line":224,"column":19}},"224":{"start":{"line":225,"column":0},"end":{"line":225,"column":5}},"225":{"start":{"line":226,"column":0},"end":{"line":226,"column":0}},"226":{"start":{"line":227,"column":0},"end":{"line":227,"column":49}},"227":{"start":{"line":228,"column":0},"end":{"line":228,"column":19}},"228":{"start":{"line":229,"column":0},"end":{"line":229,"column":19}},"229":{"start":{"line":230,"column":0},"end":{"line":230,"column":5}},"230":{"start":{"line":231,"column":0},"end":{"line":231,"column":0}},"231":{"start":{"line":232,"column":0},"end":{"line":232,"column":36}},"232":{"start":{"line":233,"column":0},"end":{"line":233,"column":29}},"233":{"start":{"line":234,"column":0},"end":{"line":234,"column":55}},"234":{"start":{"line":235,"column":0},"end":{"line":235,"column":12}},"235":{"start":{"line":236,"column":0},"end":{"line":236,"column":38}},"236":{"start":{"line":237,"column":0},"end":{"line":237,"column":5}},"237":{"start":{"line":238,"column":0},"end":{"line":238,"column":16}},"238":{"start":{"line":239,"column":0},"end":{"line":239,"column":3}},"239":{"start":{"line":240,"column":0},"end":{"line":240,"column":0}},"240":{"start":{"line":241,"column":0},"end":{"line":241,"column":71}},"241":{"start":{"line":242,"column":0},"end":{"line":242,"column":73}},"242":{"start":{"line":243,"column":0},"end":{"line":243,"column":35}},"243":{"start":{"line":244,"column":0},"end":{"line":244,"column":13}},"244":{"start":{"line":245,"column":0},"end":{"line":245,"column":5}},"245":{"start":{"line":246,"column":0},"end":{"line":246,"column":0}},"246":{"start":{"line":247,"column":0},"end":{"line":247,"column":33}},"247":{"start":{"line":248,"column":0},"end":{"line":248,"column":33}},"248":{"start":{"line":249,"column":0},"end":{"line":249,"column":42}},"249":{"start":{"line":250,"column":0},"end":{"line":250,"column":26}},"250":{"start":{"line":251,"column":0},"end":{"line":251,"column":59}},"251":{"start":{"line":252,"column":0},"end":{"line":252,"column":9}},"252":{"start":{"line":253,"column":0},"end":{"line":253,"column":54}},"253":{"start":{"line":254,"column":0},"end":{"line":254,"column":13}},"254":{"start":{"line":255,"column":0},"end":{"line":255,"column":5}},"255":{"start":{"line":256,"column":0},"end":{"line":256,"column":0}},"256":{"start":{"line":257,"column":0},"end":{"line":257,"column":29}},"257":{"start":{"line":258,"column":0},"end":{"line":258,"column":39}},"258":{"start":{"line":259,"column":0},"end":{"line":259,"column":13}},"259":{"start":{"line":260,"column":0},"end":{"line":260,"column":5}},"260":{"start":{"line":261,"column":0},"end":{"line":261,"column":0}},"261":{"start":{"line":262,"column":0},"end":{"line":262,"column":9}},"262":{"start":{"line":263,"column":0},"end":{"line":263,"column":40}},"263":{"start":{"line":264,"column":0},"end":{"line":264,"column":21}},"264":{"start":{"line":265,"column":0},"end":{"line":265,"column":31}},"265":{"start":{"line":266,"column":0},"end":{"line":266,"column":42}},"266":{"start":{"line":267,"column":0},"end":{"line":267,"column":26}},"267":{"start":{"line":268,"column":0},"end":{"line":268,"column":50}},"268":{"start":{"line":269,"column":0},"end":{"line":269,"column":35}},"269":{"start":{"line":270,"column":0},"end":{"line":270,"column":37}},"270":{"start":{"line":271,"column":0},"end":{"line":271,"column":9}},"271":{"start":{"line":272,"column":0},"end":{"line":272,"column":21}},"272":{"start":{"line":273,"column":0},"end":{"line":273,"column":19}},"273":{"start":{"line":274,"column":0},"end":{"line":274,"column":15}},"274":{"start":{"line":275,"column":0},"end":{"line":275,"column":65}},"275":{"start":{"line":276,"column":0},"end":{"line":276,"column":8}},"276":{"start":{"line":277,"column":0},"end":{"line":277,"column":5}},"277":{"start":{"line":278,"column":0},"end":{"line":278,"column":3}},"278":{"start":{"line":279,"column":0},"end":{"line":279,"column":0}},"279":{"start":{"line":280,"column":0},"end":{"line":280,"column":66}},"280":{"start":{"line":281,"column":0},"end":{"line":281,"column":57}},"281":{"start":{"line":282,"column":0},"end":{"line":282,"column":30}},"282":{"start":{"line":283,"column":0},"end":{"line":283,"column":13}},"283":{"start":{"line":284,"column":0},"end":{"line":284,"column":5}},"284":{"start":{"line":285,"column":0},"end":{"line":285,"column":0}},"285":{"start":{"line":286,"column":0},"end":{"line":286,"column":55}},"286":{"start":{"line":287,"column":0},"end":{"line":287,"column":13}},"287":{"start":{"line":288,"column":0},"end":{"line":288,"column":5}},"288":{"start":{"line":289,"column":0},"end":{"line":289,"column":3}},"289":{"start":{"line":290,"column":0},"end":{"line":290,"column":0}},"290":{"start":{"line":291,"column":0},"end":{"line":291,"column":71}},"291":{"start":{"line":292,"column":0},"end":{"line":292,"column":29}},"292":{"start":{"line":293,"column":0},"end":{"line":293,"column":24}},"293":{"start":{"line":294,"column":0},"end":{"line":294,"column":39}},"294":{"start":{"line":295,"column":0},"end":{"line":295,"column":15}},"295":{"start":{"line":296,"column":0},"end":{"line":296,"column":18}},"296":{"start":{"line":297,"column":0},"end":{"line":297,"column":42}},"297":{"start":{"line":298,"column":0},"end":{"line":298,"column":15}},"298":{"start":{"line":299,"column":0},"end":{"line":299,"column":30}},"299":{"start":{"line":300,"column":0},"end":{"line":300,"column":40}},"300":{"start":{"line":301,"column":0},"end":{"line":301,"column":15}},"301":{"start":{"line":302,"column":0},"end":{"line":302,"column":24}},"302":{"start":{"line":303,"column":0},"end":{"line":303,"column":38}},"303":{"start":{"line":304,"column":0},"end":{"line":304,"column":15}},"304":{"start":{"line":305,"column":0},"end":{"line":305,"column":24}},"305":{"start":{"line":306,"column":0},"end":{"line":306,"column":44}},"306":{"start":{"line":307,"column":0},"end":{"line":307,"column":15}},"307":{"start":{"line":308,"column":0},"end":{"line":308,"column":26}},"308":{"start":{"line":309,"column":0},"end":{"line":309,"column":40}},"309":{"start":{"line":310,"column":0},"end":{"line":310,"column":15}},"310":{"start":{"line":311,"column":0},"end":{"line":311,"column":25}},"311":{"start":{"line":312,"column":0},"end":{"line":312,"column":38}},"312":{"start":{"line":313,"column":0},"end":{"line":313,"column":15}},"313":{"start":{"line":314,"column":0},"end":{"line":314,"column":14}},"314":{"start":{"line":315,"column":0},"end":{"line":315,"column":82}},"315":{"start":{"line":316,"column":0},"end":{"line":316,"column":5}},"316":{"start":{"line":317,"column":0},"end":{"line":317,"column":3}},"317":{"start":{"line":318,"column":0},"end":{"line":318,"column":0}},"318":{"start":{"line":319,"column":0},"end":{"line":319,"column":59}},"319":{"start":{"line":320,"column":0},"end":{"line":320,"column":40}},"320":{"start":{"line":321,"column":0},"end":{"line":321,"column":29}},"321":{"start":{"line":322,"column":0},"end":{"line":322,"column":77}},"322":{"start":{"line":323,"column":0},"end":{"line":323,"column":58}},"323":{"start":{"line":324,"column":0},"end":{"line":324,"column":13}},"324":{"start":{"line":325,"column":0},"end":{"line":325,"column":0}},"325":{"start":{"line":326,"column":0},"end":{"line":326,"column":35}},"326":{"start":{"line":327,"column":0},"end":{"line":327,"column":40}},"327":{"start":{"line":328,"column":0},"end":{"line":328,"column":21}},"328":{"start":{"line":329,"column":0},"end":{"line":329,"column":20}},"329":{"start":{"line":330,"column":0},"end":{"line":330,"column":18}},"330":{"start":{"line":331,"column":0},"end":{"line":331,"column":28}},"331":{"start":{"line":332,"column":0},"end":{"line":332,"column":10}},"332":{"start":{"line":333,"column":0},"end":{"line":333,"column":16}},"333":{"start":{"line":334,"column":0},"end":{"line":334,"column":28}},"334":{"start":{"line":335,"column":0},"end":{"line":335,"column":9}},"335":{"start":{"line":336,"column":0},"end":{"line":336,"column":8}},"336":{"start":{"line":337,"column":0},"end":{"line":337,"column":19}},"337":{"start":{"line":338,"column":0},"end":{"line":338,"column":32}},"338":{"start":{"line":339,"column":0},"end":{"line":339,"column":24}},"339":{"start":{"line":340,"column":0},"end":{"line":340,"column":8}},"340":{"start":{"line":341,"column":0},"end":{"line":341,"column":19}},"341":{"start":{"line":342,"column":0},"end":{"line":342,"column":90}},"342":{"start":{"line":343,"column":0},"end":{"line":343,"column":7}},"343":{"start":{"line":344,"column":0},"end":{"line":344,"column":3}},"344":{"start":{"line":345,"column":0},"end":{"line":345,"column":0}},"345":{"start":{"line":346,"column":0},"end":{"line":346,"column":60}},"346":{"start":{"line":347,"column":0},"end":{"line":347,"column":40}},"347":{"start":{"line":348,"column":0},"end":{"line":348,"column":64}},"348":{"start":{"line":349,"column":0},"end":{"line":349,"column":26}},"349":{"start":{"line":350,"column":0},"end":{"line":350,"column":38}},"350":{"start":{"line":351,"column":0},"end":{"line":351,"column":29}},"351":{"start":{"line":352,"column":0},"end":{"line":352,"column":42}},"352":{"start":{"line":353,"column":0},"end":{"line":353,"column":27}},"353":{"start":{"line":354,"column":0},"end":{"line":354,"column":48}},"354":{"start":{"line":355,"column":0},"end":{"line":355,"column":33}},"355":{"start":{"line":356,"column":0},"end":{"line":356,"column":36}},"356":{"start":{"line":357,"column":0},"end":{"line":357,"column":23}},"357":{"start":{"line":358,"column":0},"end":{"line":358,"column":42}},"358":{"start":{"line":359,"column":0},"end":{"line":359,"column":7}},"359":{"start":{"line":360,"column":0},"end":{"line":360,"column":3}},"360":{"start":{"line":361,"column":0},"end":{"line":361,"column":0}},"361":{"start":{"line":362,"column":0},"end":{"line":362,"column":70}},"362":{"start":{"line":363,"column":0},"end":{"line":363,"column":33}},"363":{"start":{"line":364,"column":0},"end":{"line":364,"column":13}},"364":{"start":{"line":365,"column":0},"end":{"line":365,"column":5}},"365":{"start":{"line":366,"column":0},"end":{"line":366,"column":0}},"366":{"start":{"line":367,"column":0},"end":{"line":367,"column":52}},"367":{"start":{"line":368,"column":0},"end":{"line":368,"column":12}},"368":{"start":{"line":369,"column":0},"end":{"line":369,"column":32}},"369":{"start":{"line":370,"column":0},"end":{"line":370,"column":13}},"370":{"start":{"line":371,"column":0},"end":{"line":371,"column":44}},"371":{"start":{"line":372,"column":0},"end":{"line":372,"column":33}},"372":{"start":{"line":373,"column":0},"end":{"line":373,"column":16}},"373":{"start":{"line":374,"column":0},"end":{"line":374,"column":7}},"374":{"start":{"line":375,"column":0},"end":{"line":375,"column":7}},"375":{"start":{"line":376,"column":0},"end":{"line":376,"column":3}},"376":{"start":{"line":377,"column":0},"end":{"line":377,"column":0}},"377":{"start":{"line":378,"column":0},"end":{"line":378,"column":58}},"378":{"start":{"line":379,"column":0},"end":{"line":379,"column":35}},"379":{"start":{"line":380,"column":0},"end":{"line":380,"column":14}},"380":{"start":{"line":381,"column":0},"end":{"line":381,"column":9}},"381":{"start":{"line":382,"column":0},"end":{"line":382,"column":40}},"382":{"start":{"line":383,"column":0},"end":{"line":383,"column":41}},"383":{"start":{"line":384,"column":0},"end":{"line":384,"column":22}},"384":{"start":{"line":385,"column":0},"end":{"line":385,"column":106}},"385":{"start":{"line":386,"column":0},"end":{"line":386,"column":24}},"386":{"start":{"line":387,"column":0},"end":{"line":387,"column":27}},"387":{"start":{"line":388,"column":0},"end":{"line":388,"column":25}},"388":{"start":{"line":389,"column":0},"end":{"line":389,"column":25}},"389":{"start":{"line":390,"column":0},"end":{"line":390,"column":31}},"390":{"start":{"line":391,"column":0},"end":{"line":391,"column":76}},"391":{"start":{"line":392,"column":0},"end":{"line":392,"column":16}},"392":{"start":{"line":393,"column":0},"end":{"line":393,"column":22}},"393":{"start":{"line":394,"column":0},"end":{"line":394,"column":32}},"394":{"start":{"line":395,"column":0},"end":{"line":395,"column":80}},"395":{"start":{"line":396,"column":0},"end":{"line":396,"column":16}},"396":{"start":{"line":397,"column":0},"end":{"line":397,"column":21}},"397":{"start":{"line":398,"column":0},"end":{"line":398,"column":32}},"398":{"start":{"line":399,"column":0},"end":{"line":399,"column":27}},"399":{"start":{"line":400,"column":0},"end":{"line":400,"column":28}},"400":{"start":{"line":401,"column":0},"end":{"line":401,"column":77}},"401":{"start":{"line":402,"column":0},"end":{"line":402,"column":15}},"402":{"start":{"line":403,"column":0},"end":{"line":403,"column":14}},"403":{"start":{"line":404,"column":0},"end":{"line":404,"column":35}},"404":{"start":{"line":405,"column":0},"end":{"line":405,"column":39}},"405":{"start":{"line":406,"column":0},"end":{"line":406,"column":12}},"406":{"start":{"line":407,"column":0},"end":{"line":407,"column":24}},"407":{"start":{"line":408,"column":0},"end":{"line":408,"column":30}},"408":{"start":{"line":409,"column":0},"end":{"line":409,"column":11}},"409":{"start":{"line":410,"column":0},"end":{"line":410,"column":10}},"410":{"start":{"line":411,"column":0},"end":{"line":411,"column":9}},"411":{"start":{"line":412,"column":0},"end":{"line":412,"column":40}},"412":{"start":{"line":413,"column":0},"end":{"line":413,"column":41}},"413":{"start":{"line":414,"column":0},"end":{"line":414,"column":22}},"414":{"start":{"line":415,"column":0},"end":{"line":415,"column":121}},"415":{"start":{"line":416,"column":0},"end":{"line":416,"column":24}},"416":{"start":{"line":417,"column":0},"end":{"line":417,"column":27}},"417":{"start":{"line":418,"column":0},"end":{"line":418,"column":25}},"418":{"start":{"line":419,"column":0},"end":{"line":419,"column":25}},"419":{"start":{"line":420,"column":0},"end":{"line":420,"column":31}},"420":{"start":{"line":421,"column":0},"end":{"line":421,"column":76}},"421":{"start":{"line":422,"column":0},"end":{"line":422,"column":16}},"422":{"start":{"line":423,"column":0},"end":{"line":423,"column":22}},"423":{"start":{"line":424,"column":0},"end":{"line":424,"column":32}},"424":{"start":{"line":425,"column":0},"end":{"line":425,"column":67}},"425":{"start":{"line":426,"column":0},"end":{"line":426,"column":16}},"426":{"start":{"line":427,"column":0},"end":{"line":427,"column":21}},"427":{"start":{"line":428,"column":0},"end":{"line":428,"column":32}},"428":{"start":{"line":429,"column":0},"end":{"line":429,"column":27}},"429":{"start":{"line":430,"column":0},"end":{"line":430,"column":28}},"430":{"start":{"line":431,"column":0},"end":{"line":431,"column":77}},"431":{"start":{"line":432,"column":0},"end":{"line":432,"column":15}},"432":{"start":{"line":433,"column":0},"end":{"line":433,"column":14}},"433":{"start":{"line":434,"column":0},"end":{"line":434,"column":35}},"434":{"start":{"line":435,"column":0},"end":{"line":435,"column":39}},"435":{"start":{"line":436,"column":0},"end":{"line":436,"column":12}},"436":{"start":{"line":437,"column":0},"end":{"line":437,"column":24}},"437":{"start":{"line":438,"column":0},"end":{"line":438,"column":30}},"438":{"start":{"line":439,"column":0},"end":{"line":439,"column":11}},"439":{"start":{"line":440,"column":0},"end":{"line":440,"column":10}},"440":{"start":{"line":441,"column":0},"end":{"line":441,"column":9}},"441":{"start":{"line":442,"column":0},"end":{"line":442,"column":44}},"442":{"start":{"line":443,"column":0},"end":{"line":443,"column":45}},"443":{"start":{"line":444,"column":0},"end":{"line":444,"column":22}},"444":{"start":{"line":445,"column":0},"end":{"line":445,"column":112}},"445":{"start":{"line":446,"column":0},"end":{"line":446,"column":24}},"446":{"start":{"line":447,"column":0},"end":{"line":447,"column":27}},"447":{"start":{"line":448,"column":0},"end":{"line":448,"column":25}},"448":{"start":{"line":449,"column":0},"end":{"line":449,"column":25}},"449":{"start":{"line":450,"column":0},"end":{"line":450,"column":31}},"450":{"start":{"line":451,"column":0},"end":{"line":451,"column":72}},"451":{"start":{"line":452,"column":0},"end":{"line":452,"column":16}},"452":{"start":{"line":453,"column":0},"end":{"line":453,"column":21}},"453":{"start":{"line":454,"column":0},"end":{"line":454,"column":32}},"454":{"start":{"line":455,"column":0},"end":{"line":455,"column":27}},"455":{"start":{"line":456,"column":0},"end":{"line":456,"column":28}},"456":{"start":{"line":457,"column":0},"end":{"line":457,"column":83}},"457":{"start":{"line":458,"column":0},"end":{"line":458,"column":15}},"458":{"start":{"line":459,"column":0},"end":{"line":459,"column":14}},"459":{"start":{"line":460,"column":0},"end":{"line":460,"column":35}},"460":{"start":{"line":461,"column":0},"end":{"line":461,"column":39}},"461":{"start":{"line":462,"column":0},"end":{"line":462,"column":12}},"462":{"start":{"line":463,"column":0},"end":{"line":463,"column":24}},"463":{"start":{"line":464,"column":0},"end":{"line":464,"column":30}},"464":{"start":{"line":465,"column":0},"end":{"line":465,"column":11}},"465":{"start":{"line":466,"column":0},"end":{"line":466,"column":9}},"466":{"start":{"line":467,"column":0},"end":{"line":467,"column":7}},"467":{"start":{"line":468,"column":0},"end":{"line":468,"column":7}},"468":{"start":{"line":469,"column":0},"end":{"line":469,"column":3}},"469":{"start":{"line":470,"column":0},"end":{"line":470,"column":0}},"470":{"start":{"line":471,"column":0},"end":{"line":471,"column":58}},"471":{"start":{"line":472,"column":0},"end":{"line":472,"column":12}},"472":{"start":{"line":473,"column":0},"end":{"line":473,"column":33}},"473":{"start":{"line":474,"column":0},"end":{"line":474,"column":34}},"474":{"start":{"line":475,"column":0},"end":{"line":475,"column":18}},"475":{"start":{"line":476,"column":0},"end":{"line":476,"column":113}},"476":{"start":{"line":477,"column":0},"end":{"line":477,"column":18}},"477":{"start":{"line":478,"column":0},"end":{"line":478,"column":9}},"478":{"start":{"line":479,"column":0},"end":{"line":479,"column":27}},"479":{"start":{"line":480,"column":0},"end":{"line":480,"column":58}},"480":{"start":{"line":481,"column":0},"end":{"line":481,"column":24}},"481":{"start":{"line":482,"column":0},"end":{"line":482,"column":9}},"482":{"start":{"line":483,"column":0},"end":{"line":483,"column":7}},"483":{"start":{"line":484,"column":0},"end":{"line":484,"column":6}},"484":{"start":{"line":485,"column":0},"end":{"line":485,"column":3}},"485":{"start":{"line":486,"column":0},"end":{"line":486,"column":0}},"486":{"start":{"line":487,"column":0},"end":{"line":487,"column":60}},"487":{"start":{"line":488,"column":0},"end":{"line":488,"column":35}},"488":{"start":{"line":489,"column":0},"end":{"line":489,"column":43}},"489":{"start":{"line":490,"column":0},"end":{"line":490,"column":7}},"490":{"start":{"line":491,"column":0},"end":{"line":491,"column":3}},"491":{"start":{"line":492,"column":0},"end":{"line":492,"column":0}},"492":{"start":{"line":493,"column":0},"end":{"line":493,"column":58}},"493":{"start":{"line":494,"column":0},"end":{"line":494,"column":85}},"494":{"start":{"line":495,"column":0},"end":{"line":495,"column":40}},"495":{"start":{"line":496,"column":0},"end":{"line":496,"column":73}},"496":{"start":{"line":497,"column":0},"end":{"line":497,"column":13}},"497":{"start":{"line":498,"column":0},"end":{"line":498,"column":5}},"498":{"start":{"line":499,"column":0},"end":{"line":499,"column":0}},"499":{"start":{"line":500,"column":0},"end":{"line":500,"column":16}},"500":{"start":{"line":501,"column":0},"end":{"line":501,"column":88}},"501":{"start":{"line":502,"column":0},"end":{"line":502,"column":63}},"502":{"start":{"line":503,"column":0},"end":{"line":503,"column":13}},"503":{"start":{"line":504,"column":0},"end":{"line":504,"column":76}},"504":{"start":{"line":505,"column":0},"end":{"line":505,"column":22}},"505":{"start":{"line":506,"column":0},"end":{"line":506,"column":43}},"506":{"start":{"line":507,"column":0},"end":{"line":507,"column":72}},"507":{"start":{"line":508,"column":0},"end":{"line":508,"column":30}},"508":{"start":{"line":509,"column":0},"end":{"line":509,"column":0}},"509":{"start":{"line":510,"column":0},"end":{"line":510,"column":35}},"510":{"start":{"line":511,"column":0},"end":{"line":511,"column":76}},"511":{"start":{"line":512,"column":0},"end":{"line":512,"column":17}},"512":{"start":{"line":513,"column":0},"end":{"line":513,"column":9}},"513":{"start":{"line":514,"column":0},"end":{"line":514,"column":23}},"514":{"start":{"line":515,"column":0},"end":{"line":515,"column":20}},"515":{"start":{"line":516,"column":0},"end":{"line":516,"column":25}},"516":{"start":{"line":517,"column":0},"end":{"line":517,"column":28}},"517":{"start":{"line":518,"column":0},"end":{"line":518,"column":11}},"518":{"start":{"line":519,"column":0},"end":{"line":519,"column":9}},"519":{"start":{"line":520,"column":0},"end":{"line":520,"column":7}},"520":{"start":{"line":521,"column":0},"end":{"line":521,"column":7}},"521":{"start":{"line":522,"column":0},"end":{"line":522,"column":3}},"522":{"start":{"line":523,"column":0},"end":{"line":523,"column":0}},"523":{"start":{"line":524,"column":0},"end":{"line":524,"column":76}},"524":{"start":{"line":525,"column":0},"end":{"line":525,"column":28}},"525":{"start":{"line":526,"column":0},"end":{"line":526,"column":65}},"526":{"start":{"line":527,"column":0},"end":{"line":527,"column":61}},"527":{"start":{"line":528,"column":0},"end":{"line":528,"column":5}},"528":{"start":{"line":529,"column":0},"end":{"line":529,"column":17}},"529":{"start":{"line":530,"column":0},"end":{"line":530,"column":3}},"530":{"start":{"line":531,"column":0},"end":{"line":531,"column":0}},"531":{"start":{"line":532,"column":0},"end":{"line":532,"column":98}},"532":{"start":{"line":533,"column":0},"end":{"line":533,"column":28}},"533":{"start":{"line":534,"column":0},"end":{"line":534,"column":58}},"534":{"start":{"line":535,"column":0},"end":{"line":535,"column":3}},"535":{"start":{"line":536,"column":0},"end":{"line":536,"column":0}},"536":{"start":{"line":537,"column":0},"end":{"line":537,"column":97}},"537":{"start":{"line":538,"column":0},"end":{"line":538,"column":28}},"538":{"start":{"line":539,"column":0},"end":{"line":539,"column":84}},"539":{"start":{"line":540,"column":0},"end":{"line":540,"column":3}},"540":{"start":{"line":541,"column":0},"end":{"line":541,"column":0}},"541":{"start":{"line":542,"column":0},"end":{"line":542,"column":39}},"542":{"start":{"line":543,"column":0},"end":{"line":543,"column":19}},"543":{"start":{"line":544,"column":0},"end":{"line":544,"column":41}},"544":{"start":{"line":545,"column":0},"end":{"line":545,"column":60}},"545":{"start":{"line":546,"column":0},"end":{"line":546,"column":6}},"546":{"start":{"line":547,"column":0},"end":{"line":547,"column":3}},"547":{"start":{"line":548,"column":0},"end":{"line":548,"column":0}},"548":{"start":{"line":549,"column":0},"end":{"line":549,"column":84}},"549":{"start":{"line":550,"column":0},"end":{"line":550,"column":31}},"550":{"start":{"line":551,"column":0},"end":{"line":551,"column":17}},"551":{"start":{"line":552,"column":0},"end":{"line":552,"column":6}},"552":{"start":{"line":553,"column":0},"end":{"line":553,"column":35}},"553":{"start":{"line":554,"column":0},"end":{"line":554,"column":81}},"554":{"start":{"line":555,"column":0},"end":{"line":555,"column":5}},"555":{"start":{"line":556,"column":0},"end":{"line":556,"column":0}},"556":{"start":{"line":557,"column":0},"end":{"line":557,"column":33}},"557":{"start":{"line":558,"column":0},"end":{"line":558,"column":29}},"558":{"start":{"line":559,"column":0},"end":{"line":559,"column":37}},"559":{"start":{"line":560,"column":0},"end":{"line":560,"column":25}},"560":{"start":{"line":561,"column":0},"end":{"line":561,"column":64}},"561":{"start":{"line":562,"column":0},"end":{"line":562,"column":48}},"562":{"start":{"line":563,"column":0},"end":{"line":563,"column":7}},"563":{"start":{"line":564,"column":0},"end":{"line":564,"column":0}},"564":{"start":{"line":565,"column":0},"end":{"line":565,"column":36}},"565":{"start":{"line":566,"column":0},"end":{"line":566,"column":63}},"566":{"start":{"line":567,"column":0},"end":{"line":567,"column":48}},"567":{"start":{"line":568,"column":0},"end":{"line":568,"column":7}},"568":{"start":{"line":569,"column":0},"end":{"line":569,"column":0}},"569":{"start":{"line":570,"column":0},"end":{"line":570,"column":23}},"570":{"start":{"line":571,"column":0},"end":{"line":571,"column":21}},"571":{"start":{"line":572,"column":0},"end":{"line":572,"column":9}},"572":{"start":{"line":573,"column":0},"end":{"line":573,"column":39}},"573":{"start":{"line":574,"column":0},"end":{"line":574,"column":15}},"574":{"start":{"line":575,"column":0},"end":{"line":575,"column":19}},"575":{"start":{"line":576,"column":0},"end":{"line":576,"column":11}},"576":{"start":{"line":577,"column":0},"end":{"line":577,"column":25}},"577":{"start":{"line":578,"column":0},"end":{"line":578,"column":22}},"578":{"start":{"line":579,"column":0},"end":{"line":579,"column":27}},"579":{"start":{"line":580,"column":0},"end":{"line":580,"column":30}},"580":{"start":{"line":581,"column":0},"end":{"line":581,"column":13}},"581":{"start":{"line":582,"column":0},"end":{"line":582,"column":11}},"582":{"start":{"line":583,"column":0},"end":{"line":583,"column":10}},"583":{"start":{"line":584,"column":0},"end":{"line":584,"column":21}},"584":{"start":{"line":585,"column":0},"end":{"line":585,"column":25}},"585":{"start":{"line":586,"column":0},"end":{"line":586,"column":55}},"586":{"start":{"line":587,"column":0},"end":{"line":587,"column":7}},"587":{"start":{"line":588,"column":0},"end":{"line":588,"column":7}},"588":{"start":{"line":589,"column":0},"end":{"line":589,"column":0}},"589":{"start":{"line":590,"column":0},"end":{"line":590,"column":62}},"590":{"start":{"line":591,"column":0},"end":{"line":591,"column":35}},"591":{"start":{"line":592,"column":0},"end":{"line":592,"column":51}},"592":{"start":{"line":593,"column":0},"end":{"line":593,"column":78}},"593":{"start":{"line":594,"column":0},"end":{"line":594,"column":0}},"594":{"start":{"line":595,"column":0},"end":{"line":595,"column":29}},"595":{"start":{"line":596,"column":0},"end":{"line":596,"column":37}},"596":{"start":{"line":597,"column":0},"end":{"line":597,"column":27}},"597":{"start":{"line":598,"column":0},"end":{"line":598,"column":42}},"598":{"start":{"line":599,"column":0},"end":{"line":599,"column":64}},"599":{"start":{"line":600,"column":0},"end":{"line":600,"column":47}},"600":{"start":{"line":601,"column":0},"end":{"line":601,"column":7}},"601":{"start":{"line":602,"column":0},"end":{"line":602,"column":0}},"602":{"start":{"line":603,"column":0},"end":{"line":603,"column":60}},"603":{"start":{"line":604,"column":0},"end":{"line":604,"column":3}},"604":{"start":{"line":605,"column":0},"end":{"line":605,"column":0}},"605":{"start":{"line":606,"column":0},"end":{"line":606,"column":57}},"606":{"start":{"line":607,"column":0},"end":{"line":607,"column":38}},"607":{"start":{"line":608,"column":0},"end":{"line":608,"column":28}},"608":{"start":{"line":609,"column":0},"end":{"line":609,"column":5}},"609":{"start":{"line":610,"column":0},"end":{"line":610,"column":0}},"610":{"start":{"line":611,"column":0},"end":{"line":611,"column":33}},"611":{"start":{"line":612,"column":0},"end":{"line":612,"column":27}},"612":{"start":{"line":613,"column":0},"end":{"line":613,"column":24}},"613":{"start":{"line":614,"column":0},"end":{"line":614,"column":50}},"614":{"start":{"line":615,"column":0},"end":{"line":615,"column":29}},"615":{"start":{"line":616,"column":0},"end":{"line":616,"column":11}},"616":{"start":{"line":617,"column":0},"end":{"line":617,"column":56}},"617":{"start":{"line":618,"column":0},"end":{"line":618,"column":73}},"618":{"start":{"line":619,"column":0},"end":{"line":619,"column":10}},"619":{"start":{"line":620,"column":0},"end":{"line":620,"column":57}},"620":{"start":{"line":621,"column":0},"end":{"line":621,"column":0}},"621":{"start":{"line":622,"column":0},"end":{"line":622,"column":29}},"622":{"start":{"line":623,"column":0},"end":{"line":623,"column":39}},"623":{"start":{"line":624,"column":0},"end":{"line":624,"column":7}},"624":{"start":{"line":625,"column":0},"end":{"line":625,"column":5}},"625":{"start":{"line":626,"column":0},"end":{"line":626,"column":0}},"626":{"start":{"line":627,"column":0},"end":{"line":627,"column":49}},"627":{"start":{"line":628,"column":0},"end":{"line":628,"column":55}},"628":{"start":{"line":629,"column":0},"end":{"line":629,"column":43}},"629":{"start":{"line":630,"column":0},"end":{"line":630,"column":33}},"630":{"start":{"line":631,"column":0},"end":{"line":631,"column":7}},"631":{"start":{"line":632,"column":0},"end":{"line":632,"column":5}},"632":{"start":{"line":633,"column":0},"end":{"line":633,"column":0}},"633":{"start":{"line":634,"column":0},"end":{"line":634,"column":44}},"634":{"start":{"line":635,"column":0},"end":{"line":635,"column":3}},"635":{"start":{"line":636,"column":0},"end":{"line":636,"column":0}},"636":{"start":{"line":637,"column":0},"end":{"line":637,"column":73}},"637":{"start":{"line":638,"column":0},"end":{"line":638,"column":40}},"638":{"start":{"line":639,"column":0},"end":{"line":639,"column":68}},"639":{"start":{"line":640,"column":0},"end":{"line":640,"column":16}},"640":{"start":{"line":641,"column":0},"end":{"line":641,"column":71}},"641":{"start":{"line":642,"column":0},"end":{"line":642,"column":55}},"642":{"start":{"line":643,"column":0},"end":{"line":643,"column":13}},"643":{"start":{"line":644,"column":0},"end":{"line":644,"column":52}},"644":{"start":{"line":645,"column":0},"end":{"line":645,"column":33}},"645":{"start":{"line":646,"column":0},"end":{"line":646,"column":22}},"646":{"start":{"line":647,"column":0},"end":{"line":647,"column":28}},"647":{"start":{"line":648,"column":0},"end":{"line":648,"column":33}},"648":{"start":{"line":649,"column":0},"end":{"line":649,"column":22}},"649":{"start":{"line":650,"column":0},"end":{"line":650,"column":40}},"650":{"start":{"line":651,"column":0},"end":{"line":651,"column":80}},"651":{"start":{"line":652,"column":0},"end":{"line":652,"column":70}},"652":{"start":{"line":653,"column":0},"end":{"line":653,"column":30}},"653":{"start":{"line":654,"column":0},"end":{"line":654,"column":13}},"654":{"start":{"line":655,"column":0},"end":{"line":655,"column":6}},"655":{"start":{"line":656,"column":0},"end":{"line":656,"column":0}},"656":{"start":{"line":657,"column":0},"end":{"line":657,"column":28}},"657":{"start":{"line":658,"column":0},"end":{"line":658,"column":30}},"658":{"start":{"line":659,"column":0},"end":{"line":659,"column":25}},"659":{"start":{"line":660,"column":0},"end":{"line":660,"column":18}},"660":{"start":{"line":661,"column":0},"end":{"line":661,"column":40}},"661":{"start":{"line":662,"column":0},"end":{"line":662,"column":7}},"662":{"start":{"line":663,"column":0},"end":{"line":663,"column":0}},"663":{"start":{"line":664,"column":0},"end":{"line":664,"column":9}},"664":{"start":{"line":665,"column":0},"end":{"line":665,"column":21}},"665":{"start":{"line":666,"column":0},"end":{"line":666,"column":39}},"666":{"start":{"line":667,"column":0},"end":{"line":667,"column":63}},"667":{"start":{"line":668,"column":0},"end":{"line":668,"column":66}},"668":{"start":{"line":669,"column":0},"end":{"line":669,"column":64}},"669":{"start":{"line":670,"column":0},"end":{"line":670,"column":75}},"670":{"start":{"line":671,"column":0},"end":{"line":671,"column":41}},"671":{"start":{"line":672,"column":0},"end":{"line":672,"column":58}},"672":{"start":{"line":673,"column":0},"end":{"line":673,"column":13}},"673":{"start":{"line":674,"column":0},"end":{"line":674,"column":34}},"674":{"start":{"line":675,"column":0},"end":{"line":675,"column":36}},"675":{"start":{"line":676,"column":0},"end":{"line":676,"column":33}},"676":{"start":{"line":677,"column":0},"end":{"line":677,"column":48}},"677":{"start":{"line":678,"column":0},"end":{"line":678,"column":24}},"678":{"start":{"line":679,"column":0},"end":{"line":679,"column":48}},"679":{"start":{"line":680,"column":0},"end":{"line":680,"column":13}},"680":{"start":{"line":681,"column":0},"end":{"line":681,"column":17}},"681":{"start":{"line":682,"column":0},"end":{"line":682,"column":9}},"682":{"start":{"line":683,"column":0},"end":{"line":683,"column":43}},"683":{"start":{"line":684,"column":0},"end":{"line":684,"column":63}},"684":{"start":{"line":685,"column":0},"end":{"line":685,"column":64}},"685":{"start":{"line":686,"column":0},"end":{"line":686,"column":70}},"686":{"start":{"line":687,"column":0},"end":{"line":687,"column":41}},"687":{"start":{"line":688,"column":0},"end":{"line":688,"column":58}},"688":{"start":{"line":689,"column":0},"end":{"line":689,"column":13}},"689":{"start":{"line":690,"column":0},"end":{"line":690,"column":34}},"690":{"start":{"line":691,"column":0},"end":{"line":691,"column":36}},"691":{"start":{"line":692,"column":0},"end":{"line":692,"column":33}},"692":{"start":{"line":693,"column":0},"end":{"line":693,"column":48}},"693":{"start":{"line":694,"column":0},"end":{"line":694,"column":24}},"694":{"start":{"line":695,"column":0},"end":{"line":695,"column":48}},"695":{"start":{"line":696,"column":0},"end":{"line":696,"column":13}},"696":{"start":{"line":697,"column":0},"end":{"line":697,"column":17}},"697":{"start":{"line":698,"column":0},"end":{"line":698,"column":9}},"698":{"start":{"line":699,"column":0},"end":{"line":699,"column":39}},"699":{"start":{"line":700,"column":0},"end":{"line":700,"column":63}},"700":{"start":{"line":701,"column":0},"end":{"line":701,"column":66}},"701":{"start":{"line":702,"column":0},"end":{"line":702,"column":64}},"702":{"start":{"line":703,"column":0},"end":{"line":703,"column":79}},"703":{"start":{"line":704,"column":0},"end":{"line":704,"column":53}},"704":{"start":{"line":705,"column":0},"end":{"line":705,"column":41}},"705":{"start":{"line":706,"column":0},"end":{"line":706,"column":38}},"706":{"start":{"line":707,"column":0},"end":{"line":707,"column":12}},"707":{"start":{"line":708,"column":0},"end":{"line":708,"column":51}},"708":{"start":{"line":709,"column":0},"end":{"line":709,"column":21}},"709":{"start":{"line":710,"column":0},"end":{"line":710,"column":21}},"710":{"start":{"line":711,"column":0},"end":{"line":711,"column":25}},"711":{"start":{"line":712,"column":0},"end":{"line":712,"column":26}},"712":{"start":{"line":713,"column":0},"end":{"line":713,"column":17}},"713":{"start":{"line":714,"column":0},"end":{"line":714,"column":12}},"714":{"start":{"line":715,"column":0},"end":{"line":715,"column":41}},"715":{"start":{"line":716,"column":0},"end":{"line":716,"column":58}},"716":{"start":{"line":717,"column":0},"end":{"line":717,"column":13}},"717":{"start":{"line":718,"column":0},"end":{"line":718,"column":34}},"718":{"start":{"line":719,"column":0},"end":{"line":719,"column":36}},"719":{"start":{"line":720,"co
[...]
:0,"49":0,"50":0,"51":0,"52":0,"53":0,"54":0,"55":0,"56":0,"57":0,"58":0,"59":0,"60":0,"61":0,"62":0,"63":0,"64":0,"65":0,"66":0,"67":0,"68":0,"69":0,"70":0,"71":0,"72":0,"73":0,"74":0,"75":0,"76":0,"77":0,"78":0,"79":0,"80":0,"81":0,"82":0,"83":0,"84":0,"85":0,"86":0,"87":0,"88":0,"89":0,"90":0,"91":0,"92":0,"93":0,"94":0,"95":0,"96":0,"97":0,"98":0,"99":0,"100":0,"101":0,"102":0,"103":0,"104":0,"105":0,"106":0,"107":0,"108":0,"109":0,"110":0,"111":0,"112":0,"113":0,"114":0,"115":0,"116":0,"117":0,"118":0,"119":0,"120":0,"121":0,"122":0,"123":0,"124":0,"125":0,"126":0,"127":0,"128":0,"129":0,"130":0,"131":0,"132":0,"133":0,"134":0,"135":0,"136":0,"137":0,"138":0,"139":0,"140":0,"141":0,"142":0,"143":0,"144":0,"145":0,"146":0,"147":0,"148":0,"149":0,"150":0,"151":0,"152":0,"153":0,"154":0,"155":0,"156":0,"157":0,"158":0,"159":0,"160":0,"161":0,"162":0,"163":0,"164":0,"165":0,"166":0,"167":0,"168":0,"169":0,"170":0,"171":0,"172":0,"173":0,"174":0,"175":0,"176":0,"177":0,"178":0,"179":0,"180":0,"181":0,"182":0,"183":0,"184":0,"185":0,"186":0,"187":0,"188":0,"189":0,"190":0,"191":0,"192":0,"193":0,"194":0,"195":0,"196":0,"197":0,"198":0,"199":0,"200":0,"201":0,"202":0,"203":0,"204":0,"205":0,"206":0,"207":0,"208":0,"209":0,"210":0,"211":0,"212":0,"213":0,"214":0,"215":0,"216":0,"217":0,"218":0,"219":0,"220":0,"221":0,"222":0,"223":0,"224":0,"225":0,"226":0,"227":0,"228":0,"229":0,"230":0,"231":0,"232":0,"233":0,"234":0,"235":0,"236":0,"237":0,"238":0,"239":0,"240":0,"241":0,"242":0,"243":0,"244":0,"245":0,"246":0,"247":0,"248":0,"249":0,"250":0,"251":0,"252":0,"253":0,"254":0,"255":0,"256":0,"257":0},"branchMap":{"0":{"type":"branch","line":1,"loc":{"start":{"line":1,"column":0},"end":{"line":258,"column":-1}},"locations":[{"start":{"line":1,"column":0},"end":{"line":258,"column":-1}}]}},"b":{"0":[0]},"fnMap":{"0":{"name":"(empty-report)","decl":{"start":{"line":1,"column":0},"end":{"line":258,"column":-1}},"loc":{"start":{"line":1,"column":0},"end":{"line":258,"column":-1}},"line":1}},"f":{"0":0}}
,"/Volumes/G-DRIVE/Shared/Manual-SbD-ToE/sbd-toe-mcp-poc/src/prompt/build-answer-prompt.ts": {"path":"/Volumes/G-DRIVE/Shared/Manual-SbD-ToE/sbd-toe-mcp-poc/src/prompt/build-answer-prompt.ts","all":true,"statementMap":{"0":{"start":{"line":1,"column":0},"end":{"line":1,"column":66}},"1":{"start":{"line":2,"column":0},"end":{"line":2,"column":62}},"2":{"start":{"line":3,"column":0},"end":{"line":3,"column":0}},"3":{"start":{"line":4,"column":0},"end":{"line":4,"column":64}},"4":{"start":{"line":5,"column":0},"end":{"line":5,"column":56}},"5":{"start":{"line":6,"column":0},"end":{"line":6,"column":1}},"6":{"start":{"line":7,"column":0},"end":{"line":7,"column":0}},"7":{"start":{"line":8,"column":0},"end":{"line":8,"column":59}},"8":{"start":{"line":9,"column":0},"end":{"line":9,"column":63}},"9":{"start":{"line":10,"column":0},"end":{"line":10,"column":54}},"10":{"start":{"line":11,"column":0},"end":{"line":11,"column":1}},"11":{"start":{"line":12,"column":0},"end":{"line":12,"column":0}},"12":{"start":{"line":13,"column":0},"end":{"line":13,"column":57}},"13":{"start":{"line":14,"column":0},"end":{"line":14,"column":10}},"14":{"start":{"line":15,"column":0},"end":{"line":15,"column":29}},"15":{"start":{"line":16,"column":0},"end":{"line":16,"column":33}},"16":{"start":{"line":17,"column":0},"end":{"line":17,"column":30}},"17":{"start":{"line":18,"column":0},"end":{"line":18,"column":47}},"18":{"start":{"line":19,"column":0},"end":{"line":19,"column":45}},"19":{"start":{"line":20,"column":0},"end":{"line":20,"column":41}},"20":{"start":{"line":21,"column":0},"end":{"line":21,"column":41}},"21":{"start":{"line":22,"column":0},"end":{"line":22,"column":42}},"22":{"start":{"line":23,"column":0},"end":{"line":23,"column":49}},"23":{"start":{"line":24,"column":0},"end":{"line":24,"column":54}},"24":{"start":{"line":25,"column":0},"end":{"line":25,"column":57}},"25":{"start":{"line":26,"column":0},"end":{"line":26,"column":55}},"26":{"start":{"line":27,"column":0},"end":{"line":27,"column":45}},"27":{"start":{"line":28,"column":0},"end":{"line":28,"column":32}},"28":{"start":{"line":29,"column":0},"end":{"line":29,"column":15}},"29":{"start":{"line":30,"column":0},"end":{"line":30,"column":1}},"30":{"start":{"line":31,"column":0},"end":{"line":31,"column":0}},"31":{"start":{"line":32,"column":0},"end":{"line":32,"column":34}},"32":{"start":{"line":33,"column":0},"end":{"line":33,"column":16}},"33":{"start":{"line":34,"column":0},"end":{"line":34,"column":29}},"34":{"start":{"line":35,"column":0},"end":{"line":35,"column":17}},"35":{"start":{"line":36,"column":0},"end":{"line":36,"column":22}},"36":{"start":{"line":37,"column":0},"end":{"line":37,"column":24}},"37":{"start":{"line":38,"column":0},"end":{"line":38,"column":49}},"38":{"start":{"line":39,"column":0},"end":{"line":39,"column":67}},"39":{"start":{"line":40,"column":0},"end":{"line":40,"column":0}},"40":{"start":{"line":41,"column":0},"end":{"line":41,"column":50}},"41":{"start":{"line":42,"column":0},"end":{"line":42,"column":22}},"42":{"start":{"line":43,"column":0},"end":{"line":43,"column":25}},"43":{"start":{"line":44,"column":0},"end":{"line":44,"column":7}},"44":{"start":{"line":45,"column":0},"end":{"line":45,"column":33}},"45":{"start":{"line":46,"column":0},"end":{"line":46,"column":17}},"46":{"start":{"line":47,"column":0},"end":{"line":47,"column":7}},"47":{"start":{"line":48,"column":0},"end":{"line":48,"column":27}},"48":{"start":{"line":49,"column":0},"end":{"line":49,"column":50}},"49":{"start":{"line":50,"column":0},"end":{"line":50,"column":51}},"50":{"start":{"line":51,"column":0},"end":{"line":51,"column":94}},"51":{"start":{"line":52,"column":0},"end":{"line":52,"column":105}},"52":{"start":{"line":53,"column":0},"end":{"line":53,"column":60}},"53":{"start":{"line":54,"column":0},"end":{"line":54,"column":15}},"54":{"start":{"line":55,"column":0},"end":{"line":55,"column":0}},"55":{"start":{"line":56,"column":0},"end":{"line":56,"column":10}},"56":{"start":{"line":57,"column":0},"end":{"line":57,"column":17}},"57":{"start":{"line":58,"column":0},"end":{"line":58,"column":15}},"58":{"start":{"line":59,"column":0},"end":{"line":59,"column":72}},"59":{"start":{"line":60,"column":0},"end":{"line":60,"column":4}},"60":{"start":{"line":61,"column":0},"end":{"line":61,"column":1}}},"s":{"0":0,"1":0,"2":0,"3":0,"4":0,"5":0,"6":0,"7":0,"8":0,"9":0,"10":0,"11":0,"12":0,"13":0,"14":0,"15":0,"16":0,"17":0,"18":0,"19":0,"20":0,"21":0,"22":0,"23":0,"24":0,"25":0,"26":0,"27":0,"28":0,"29":0,"30":0,"31":0,"32":0,"33":0,"34":0,"35":0,"36":0,"37":0,"38":0,"39":0,"40":0,"41":0,"42":0,"43":0,"44":0,"45":0,"46":0,"47":0,"48":0,"49":0,"50":0,"51":0,"52":0,"53":0,"54":0,"55":0,"56":0,"57":0,"58":0,"59":0,"60":0},"branchMap":{"0":{"type":"branch","line":1,"loc":{"start":{"line":1,"column":2109},"end":{"line":61,"column":1}},"locations":[{"start":{"line":1,"column":2109},"end":{"line":61,"column":1}}]}},"b":{"0":[0]},"fnMap":{"0":{"name":"(empty-report)","decl":{"start":{"line":1,"column":2109},"end":{"line":61,"column":1}},"loc":{"start":{"line":1,"column":2109},"end":{"line":61,"column":1}},"line":1}},"f":{"0":0}}
,"/Volumes/G-DRIVE/Shared/Manual-SbD-ToE/sbd-toe-mcp-poc/src/prompt/system-prompt.ts": {"path":"/Volumes/G-DRIVE/Shared/Manual-SbD-ToE/sbd-toe-mcp-poc/src/prompt/system-prompt.ts","all":true,"statementMap":{"0":{"start":{"line":1,"column":0},"end":{"line":1,"column":51}},"1":{"start":{"line":2,"column":0},"end":{"line":2,"column":29}},"2":{"start":{"line":3,"column":0},"end":{"line":3,"column":0}},"3":{"start":{"line":4,"column":0},"end":{"line":4,"column":41}},"4":{"start":{"line":5,"column":0},"end":{"line":5,"column":0}},"5":{"start":{"line":6,"column":0},"end":{"line":6,"column":37}},"6":{"start":{"line":7,"column":0},"end":{"line":7,"column":0}},"7":{"start":{"line":8,"column":0},"end":{"line":8,"column":124}},"8":{"start":{"line":9,"column":0},"end":{"line":9,"column":0}},"9":{"start":{"line":10,"column":0},"end":{"line":10,"column":104}},"10":{"start":{"line":11,"column":0},"end":{"line":11,"column":0}},"11":{"start":{"line":12,"column":0},"end":{"line":12,"column":6}},"12":{"start":{"line":13,"column":0},"end":{"line":13,"column":0}},"13":{"start":{"line":14,"column":0},"end":{"line":14,"column":64}},"14":{"start":{"line":15,"column":0},"end":{"line":15,"column":75}},"15":{"start":{"line":16,"column":0},"end":{"line":16,"column":50}},"16":{"start":{"line":17,"column":0},"end":{"line":17,"column":131}},"17":{"start":{"line":18,"column":0},"end":{"line":18,"column":137}},"18":{"start":{"line":19,"column":0},"end":{"line":19,"column":151}},"19":{"start":{"line":20,"column":0},"end":{"line":20,"column":0}},"20":{"start":{"line":21,"column":0},"end":{"line":21,"column":3}},"21":{"start":{"line":22,"column":0},"end":{"line":22,"column":0}},"22":{"start":{"line":23,"column":0},"end":{"line":23,"column":14}},"23":{"start":{"line":24,"column":0},"end":{"line":24,"column":0}},"24":{"start":{"line":25,"column":0},"end":{"line":25,"column":88}},"25":{"start":{"line":26,"column":0},"end":{"line":26,"column":0}},"26":{"start":{"line":27,"column":0},"end":{"line":27,"column":18}},"27":{"start":{"line":28,"column":0},"end":{"line":28,"column":82}},"28":{"start":{"line":29,"column":0},"end":{"line":29,"column":76}},"29":{"start":{"line":30,"column":0},"end":{"line":30,"column":0}},"30":{"start":{"line":31,"column":0},"end":{"line":31,"column":22}},"31":{"start":{"line":32,"column":0},"end":{"line":32,"column":86}},"32":{"start":{"line":33,"column":0},"end":{"line":33,"column":54}},"33":{"start":{"line":34,"column":0},"end":{"line":34,"column":0}},"34":{"start":{"line":35,"column":0},"end":{"line":35,"column":3}},"35":{"start":{"line":36,"column":0},"end":{"line":36,"column":0}},"36":{"start":{"line":37,"column":0},"end":{"line":37,"column":27}},"37":{"start":{"line":38,"column":0},"end":{"line":38,"column":0}},"38":{"start":{"line":39,"column":0},"end":{"line":39,"column":65}},"39":{"start":{"line":40,"column":0},"end":{"line":40,"column":0}},"40":{"start":{"line":41,"column":0},"end":{"line":41,"column":25}},"41":{"start":{"line":42,"column":0},"end":{"line":42,"column":0}},"42":{"start":{"line":43,"column":0},"end":{"line":43,"column":9}},"43":{"start":{"line":44,"column":0},"end":{"line":44,"column":36}},"44":{"start":{"line":45,"column":0},"end":{"line":45,"column":0}},"45":{"start":{"line":46,"column":0},"end":{"line":46,"column":13}},"46":{"start":{"line":47,"column":0},"end":{"line":47,"column":106}},"47":{"start":{"line":48,"column":0},"end":{"line":48,"column":0}},"48":{"start":{"line":49,"column":0},"end":{"line":49,"column":24}},"49":{"start":{"line":50,"column":0},"end":{"line":50,"column":45}},"50":{"start":{"line":51,"column":0},"end":{"line":51,"column":0}},"51":{"start":{"line":52,"column":0},"end":{"line":52,"column":12}},"52":{"start":{"line":53,"column":0},"end":{"line":53,"column":57}},"53":{"start":{"line":54,"column":0},"end":{"line":54,"column":0}},"54":{"start":{"line":55,"column":0},"end":{"line":55,"column":3}},"55":{"start":{"line":56,"column":0},"end":{"line":56,"column":0}},"56":{"start":{"line":57,"column":0},"end":{"line":57,"column":13}},"57":{"start":{"line":58,"column":0},"end":{"line":58,"column":0}},"58":{"start":{"line":59,"column":0},"end":{"line":59,"column":36}},"59":{"start":{"line":60,"column":0},"end":{"line":60,"column":0}},"60":{"start":{"line":61,"column":0},"end":{"line":61,"column":13}},"61":{"start":{"line":62,"column":0},"end":{"line":62,"column":16}},"62":{"start":{"line":63,"column":0},"end":{"line":63,"column":13}},"63":{"start":{"line":64,"column":0},"end":{"line":64,"column":0}},"64":{"start":{"line":65,"column":0},"end":{"line":65,"column":47}},"65":{"start":{"line":66,"column":0},"end":{"line":66,"column":0}},"66":{"start":{"line":67,"column":0},"end":{"line":67,"column":45}},"67":{"start":{"line":68,"column":0},"end":{"line":68,"column":0}},"68":{"start":{"line":69,"column":0},"end":{"line":69,"column":3}},"69":{"start":{"line":70,"column":0},"end":{"line":70,"column":0}},"70":{"start":{"line":71,"column":0},"end":{"line":71,"column":15}},"71":{"start":{"line":72,"column":0},"end":{"line":72,"column":0}},"72":{"start":{"line":73,"column":0},"end":{"line":73,"column":35}},"73":{"start":{"line":74,"column":0},"end":{"line":74,"column":0}},"74":{"start":{"line":75,"column":0},"end":{"line":75,"column":4}},"75":{"start":{"line":76,"column":0},"end":{"line":76,"column":5}},"76":{"start":{"line":77,"column":0},"end":{"line":77,"column":6}},"77":{"start":{"line":78,"column":0},"end":{"line":78,"column":10}},"78":{"start":{"line":79,"column":0},"end":{"line":79,"column":0}},"79":{"start":{"line":80,"column":0},"end":{"line":80,"column":50}},"80":{"start":{"line":81,"column":0},"end":{"line":81,"column":29}},"81":{"start":{"line":82,"column":0},"end":{"line":82,"column":0}},"82":{"start":{"line":83,"column":0},"end":{"line":83,"column":17}},"83":{"start":{"line":84,"column":0},"end":{"line":84,"column":63}},"84":{"start":{"line":85,"column":0},"end":{"line":85,"column":67}},"85":{"start":{"line":86,"column":0},"end":{"line":86,"column":76}},"86":{"start":{"line":87,"column":0},"end":{"line":87,"column":59}},"87":{"start":{"line":88,"column":0},"end":{"line":88,"column":68}},"88":{"start":{"line":89,"column":0},"end":{"line":89,"column":1}},"89":{"start":{"line":90,"column":0},"end":{"line":90,"column":0}},"90":{"start":{"line":91,"column":0},"end":{"line":91,"column":52}},"91":{"start":{"line":92,"column":0},"end":{"line":92,"column":21}},"92":{"start":{"line":93,"column":0},"end":{"line":93,"column":24}},"93":{"start":{"line":94,"column":0},"end":{"line":94,"column":3}},"94":{"start":{"line":95,"column":0},"end":{"line":95,"column":0}},"95":{"start":{"line":96,"column":0},"end":{"line":96,"column":29}},"96":{"start":{"line":97,"column":0},"end":{"line":97,"column":81}},"97":{"start":{"line":98,"column":0},"end":{"line":98,"column":18}},"98":{"start":{"line":99,"column":0},"end":{"line":99,"column":80}},"99":{"start":{"line":100,"column":0},"end":{"line":100,"column":0}},"100":{"start":{"line":101,"column":0},"end":{"line":101,"column":41}},"101":{"start":{"line":102,"column":0},"end":{"line":102,"column":22}},"102":{"start":{"line":103,"column":0},"end":{"line":103,"column":1}}},"s":{"0":0,"1":0,"2":0,"3":0,"4":0,"5":0,"6":0,"7":0,"8":0,"9":0,"10":0,"11":0,"12":0,"13":0,"14":0,"15":0,"16":0,"17":0,"18":0,"19":0,"20":0,"21":0,"22":0,"23":0,"24":0,"25":0,"26":0,"27":0,"28":0,"29":0,"30":0,"31":0,"32":0,"33":0,"34":0,"35":0,"36":0,"37":0,"38":0,"39":0,"40":0,"41":0,"42":0,"43":0,"44":0,"45":0,"46":0,"47":0,"48":0,"49":0,"50":0,"51":0,"52":0,"53":0,"54":0,"55":0,"56":0,"57":0,"58":0,"59":0,"60":0,"61":0,"62":0,"63":0,"64":0,"65":0,"66":0,"67":0,"68":0,"69":0,"70":0,"71":0,"72":0,"73":0,"74":0,"75":0,"76":0,"77":0,"78":0,"79":0,"80":0,"81":0,"82":0,"83":0,"84":0,"85":0,"86":0,"87":0,"88":0,"89":0,"90":0,"91":0,"92":0,"93":0,"94":0,"95":0,"96":0,"97":0,"98":0,"99":0,"100":0,"101":0,"102":0},"branchMap":{"0":{"type":"branch","line":1,"loc":{"start":{"line":1,"column":0},"end":{"line":103,"column":-185}},"locations":[{"start":{"line":1,"column":0},"end":{"line":103,"column":-185}}]}},"b":{"0":[0]},"fnMap":{"0":{"name":"(empty-report)","decl":{"start":{"line":1,"column":0},"end":{"line":103,"column":-185}},"loc":{"start":{"line":1,"column":0},"end":{"line":103,"column":-185}},"line":1}},"f":{"0":0}}
,"/Volumes/G-DRIVE/Shared/Manual-SbD-ToE/sbd-toe-mcp-poc/src/upstream/backend-contract.ts": {"path":"/Volumes/G-DRIVE/Shared/Manual-SbD-ToE/sbd-toe-mcp-poc/src/upstream/backend-contract.ts","all":false,"statementMap":{"0":{"start":{"line":1,"column":0},"end":{"line":1,"column":44}},"1":{"start":{"line":2,"column":0},"end":{"line":2,"column":0}},"2":{"start":{"line":3,"column":0},"end":{"line":3,"column":41}},"3":{"start":{"line":4,"column":0},"end":{"line":4,"column":51}},"4":{"start":{"line":5,"column":0},"end":{"line":5,"column":0}},"5":{"start":{"line":6,"column":0},"end":{"line":6,"column":48}},"6":{"start":{"line":7,"column":0},"end":{"line":7,"column":0}},"7":{"start":{"line":8,"column":0},"end":{"line":8,"column":62}},"8":{"start":{"line":9,"column":0},"end":{"line":9,"column":48}},"9":{"start":{"line":10,"column":0},"end":{"line":10,"column":83}},"10":{"start":{"line":11,"column":0},"end":{"line":11,"column":3}},"11":{"start":{"line":12,"column":0},"end":{"line":12,"column":0}},"12":{"start":{"line":13,"column":0},"end":{"line":13,"column":46}},"13":{"start":{"line":14,"column":0},"end":{"line":14,"column":85}},"14":{"start":{"line":15,"column":0},"end":{"line":15,"column":20}},"15":{"start":{"line":16,"column":0},"end":{"line":16,"column":89}},"16":{"start":{"line":17,"column":0},"end":{"line":17,"column":6}},"17":{"start":{"line":18,"column":0},"end":{"line":18,"column":3}},"18":{"start":{"line":19,"column":0},"end":{"line":19,"column":0}},"19":{"start":{"line":20,"column":0},"end":{"line":20,"column":18}},"20":{"start":{"line":21,"column":0},"end":{"line":21,"column":1}},"21":{"start":{"line":22,"column":0},"end":{"line":22,"column":0}},"22":{"start":{"line":23,"column":0},"end":{"line":23,"column":86}},"23":{"start":{"line":24,"column":0},"end":{"line":24,"column":23}},"24":{"start":{"line":25,"column":0},"end":{"line":25,"column":26}},"25":{"start":{"line":26,"column":0},"end":{"line":26,"column":3}},"26":{"start":{"line":27,"column":0},"end":{"line":27,"column":0}},"27":{"start":{"line":28,"column":0},"end":{"line":28,"column":29}},"28":{"start":{"line":29,"column":0},"end":{"line":29,"column":0}},"29":{"start":{"line":30,"column":0},"end":{"line":30,"column":22}},"30":{"start":{"line":31,"column":0},"end":{"line":31,"column":7}},"31":{"start":{"line":32,"column":0},"end":{"line":32,"column":66}},"32":{"start":{"line":33,"column":0},"end":{"line":33,"column":11}},"33":{"start":{"line":34,"column":0},"end":{"line":34,"column":21}},"34":{"start":{"line":35,"column":0},"end":{"line":35,"column":3}},"35":{"start":{"line":36,"column":0},"end":{"line":36,"column":0}},"36":{"start":{"line":37,"column":0},"end":{"line":37,"column":68}},"37":{"start":{"line":38,"column":0},"end":{"line":38,"column":24}},"38":{"start":{"line":39,"column":0},"end":{"line":39,"column":1}},"39":{"start":{"line":40,"column":0},"end":{"line":40,"column":0}},"40":{"start":{"line":41,"column":0},"end":{"line":41,"column":71}},"41":{"start":{"line":42,"column":0},"end":{"line":42,"column":50}},"42":{"start":{"line":43,"column":0},"end":{"line":43,"column":18}},"43":{"start":{"line":44,"column":0},"end":{"line":44,"column":31}},"44":{"start":{"line":45,"column":0},"end":{"line":45,"column":20}},"45":{"start":{"line":46,"column":0},"end":{"line":46,"column":127}},"46":{"start":{"line":47,"column":0},"end":{"line":47,"column":6}},"47":{"start":{"line":48,"column":0},"end":{"line":48,"column":3}},"48":{"start":{"line":49,"column":0},"end":{"line":49,"column":18}},"49":{"start":{"line":50,"column":0},"end":{"line":50,"column":1}}},"s":{"0":1,"1":1,"2":1,"3":1,"4":1,"5":1,"6":1,"7":0,"8":0,"9":0,"10":0,"11":0,"12":0,"13":0,"14":0,"15":0,"16":0,"17":0,"18":0,"19":0,"20":0,"21":1,"22":0,"23":0,"24":0,"25":0,"26":0,"27":0,"28":0,"29":0,"30":0,"31":0,"32":0,"33":0,"34":0,"35":0,"36":0,"37":0,"38":0,"39":1,"40":0,"41":0,"42":0,"43":0,"44":0,"45":0,"46":0,"47":0,"48":0,"49":0},"branchMap":{},"b":{},"fnMap":{"0":{"name":"validateCheckout","decl":{"start":{"line":8,"column":0},"end":{"line":21,"column":1}},"loc":{"start":{"line":8,"column":0},"end":{"line":21,"column":1}},"line":8},"1":{"name":"tryLoadBackendCheckout","decl":{"start":{"line":23,"column":0},"end":{"line":39,"column":1}},"loc":{"start":{"line":23,"column":0},"end":{"line":39,"column":1}},"line":23},"2":{"name":"loadBackendCheckout","decl":{"start":{"line":41,"column":0},"end":{"line":50,"column":1}},"loc":{"start":{"line":41,"column":0},"end":{"line":50,"column":1}},"line":41}},"f":{"0":0,"1":0,"2":0}}
}
